0 verbose cli /home/agoraelectoral/.nvm/versions/node/v20.19.3/bin/node /home/agoraelectoral/.nvm/versions/node/v20.19.3/bin/npm
1 info using npm@10.8.2
2 info using node@v20.19.3
3 silly config load:file:/home/agoraelectoral/.nvm/versions/node/v20.19.3/lib/node_modules/npm/npmrc
4 silly config load:file:/home/agoraelectoral/.npmrc
5 silly config load:file:/home/agoraelectoral/.nvm/versions/node/v20.19.3/etc/npmrc
6 verbose title npm install react-leaflet leaflet
7 verbose argv "install" "react-leaflet" "leaflet"
8 verbose logfile logs-max:10 dir:/home/agoraelectoral/.npm/_logs/2025-07-06T01_48_57_424Z-
9 verbose logfile /home/agoraelectoral/.npm/_logs/2025-07-06T01_48_57_424Z-debug-0.log
10 silly packumentCache heap:2197815296 maxSize:549453824 maxEntrySize:274726912
11 silly logfile start cleaning logs, removing 1 files
12 silly logfile done cleaning log files
13 silly idealTree buildDeps
14 silly fetch manifest react-leaflet@*
15 silly packumentCache full:https://registry.npmjs.org/react-leaflet cache-miss
16 http fetch GET 200 https://registry.npmjs.org/react-leaflet 1199ms (cache miss)
17 silly packumentCache full:https://registry.npmjs.org/react-leaflet set size:undefined disposed:false
18 silly fetch manifest leaflet@*
19 silly packumentCache full:https://registry.npmjs.org/leaflet cache-miss
20 http fetch GET 200 https://registry.npmjs.org/leaflet 74ms (cache miss)
21 silly packumentCache full:https://registry.npmjs.org/leaflet set size:undefined disposed:false
22 silly fetch manifest react@^19.0.0
23 silly packumentCache full:https://registry.npmjs.org/react cache-miss
24 http fetch GET 200 https://registry.npmjs.org/react 99ms (cache revalidated)
25 silly packumentCache full:https://registry.npmjs.org/react set size:5829097 disposed:false
26 silly fetch manifest react-dom@^19.0.0
27 silly packumentCache full:https://registry.npmjs.org/react-dom cache-miss
28 http fetch GET 200 https://registry.npmjs.org/react-dom 102ms (cache revalidated)
29 silly packumentCache full:https://registry.npmjs.org/react-dom set size:7461170 disposed:false
30 silly placeDep ROOT leaflet@1.9.4 OK for: agoraelectoral@1.0.0 want: *
31 silly placeDep ROOT react-leaflet@5.0.0 OK for: agoraelectoral@1.0.0 want: *
32 silly fetch manifest @react-leaflet/core@^3.0.0
33 silly packumentCache full:https://registry.npmjs.org/@react-leaflet%2fcore cache-miss
34 http fetch GET 200 https://registry.npmjs.org/@react-leaflet%2fcore 842ms (cache miss)
35 silly packumentCache full:https://registry.npmjs.org/@react-leaflet%2fcore set size:undefined disposed:false
36 silly fetch manifest leaflet@^1.9.0
37 silly packumentCache full:https://registry.npmjs.org/leaflet cache-miss
38 http fetch GET 200 https://registry.npmjs.org/leaflet 12ms (cache hit)
39 silly packumentCache full:https://registry.npmjs.org/leaflet set size:143062 disposed:false
40 silly placeDep ROOT @react-leaflet/core@3.0.0 OK for: react-leaflet@5.0.0 want: ^3.0.0
41 silly reify moves {}
42 verbose reify failed optional dependency /home/agoraelectoral/node_modules/@tailwindcss/oxide-wasm32-wasi
43 silly reify mark deleted [ '/home/agoraelectoral/node_modules/@tailwindcss/oxide-wasm32-wasi' ]
44 silly audit bulk request {
44 silly audit   '@alloc/quick-lru': [ '5.2.0' ],
44 silly audit   '@ampproject/remapping': [ '2.3.0' ],
44 silly audit   '@babel/runtime': [ '7.27.6' ],
44 silly audit   '@floating-ui/core': [ '1.7.2' ],
44 silly audit   '@floating-ui/dom': [ '1.7.2' ],
44 silly audit   '@floating-ui/react': [ '0.27.13' ],
44 silly audit   '@floating-ui/react-dom': [ '2.1.4' ],
44 silly audit   '@floating-ui/utils': [ '0.2.10' ],
44 silly audit   '@isaacs/fs-minipass': [ '4.0.1' ],
44 silly audit   '@jridgewell/gen-mapping': [ '0.3.12' ],
44 silly audit   '@jridgewell/resolve-uri': [ '3.1.2' ],
44 silly audit   '@jridgewell/sourcemap-codec': [ '1.5.4' ],
44 silly audit   '@jridgewell/trace-mapping': [ '0.3.29' ],
44 silly audit   '@redis/bloom': [ '5.5.6' ],
44 silly audit   '@redis/client': [ '5.5.6' ],
44 silly audit   '@redis/json': [ '5.5.6' ],
44 silly audit   '@redis/search': [ '5.5.6' ],
44 silly audit   '@redis/time-series': [ '5.5.6' ],
44 silly audit   '@reduxjs/toolkit': [ '2.8.2' ],
44 silly audit   '@standard-schema/spec': [ '1.0.0' ],
44 silly audit   '@standard-schema/utils': [ '0.3.0' ],
44 silly audit   '@supabase/auth-js': [ '2.70.0' ],
44 silly audit   '@supabase/functions-js': [ '2.4.5' ],
44 silly audit   '@supabase/node-fetch': [ '2.6.15' ],
44 silly audit   '@supabase/postgrest-js': [ '1.19.4' ],
44 silly audit   '@supabase/realtime-js': [ '2.11.15' ],
44 silly audit   '@supabase/storage-js': [ '2.7.1' ],
44 silly audit   '@supabase/supabase-js': [ '2.50.3' ],
44 silly audit   '@tailwindcss/node': [ '4.1.11' ],
44 silly audit   '@tailwindcss/oxide': [ '4.1.11' ],
44 silly audit   '@tailwindcss/oxide-android-arm64': [ '4.1.11' ],
44 silly audit   '@tailwindcss/oxide-darwin-arm64': [ '4.1.11' ],
44 silly audit   '@tailwindcss/oxide-darwin-x64': [ '4.1.11' ],
44 silly audit   '@tailwindcss/oxide-freebsd-x64': [ '4.1.11' ],
44 silly audit   '@tailwindcss/oxide-linux-arm-gnueabihf': [ '4.1.11' ],
44 silly audit   '@tailwindcss/oxide-linux-arm64-gnu': [ '4.1.11' ],
44 silly audit   '@tailwindcss/oxide-linux-arm64-musl': [ '4.1.11' ],
44 silly audit   '@tailwindcss/oxide-linux-x64-gnu': [ '4.1.11' ],
44 silly audit   '@tailwindcss/oxide-linux-x64-musl': [ '4.1.11' ],
44 silly audit   '@tailwindcss/oxide-win32-arm64-msvc': [ '4.1.11' ],
44 silly audit   '@tailwindcss/oxide-win32-x64-msvc': [ '4.1.11' ],
44 silly audit   '@tailwindcss/postcss': [ '4.1.11' ],
44 silly audit   '@types/d3-array': [ '3.2.1' ],
44 silly audit   '@types/d3-color': [ '3.1.3' ],
44 silly audit   '@types/d3-ease': [ '3.0.2' ],
44 silly audit   '@types/d3-interpolate': [ '3.0.4' ],
44 silly audit   '@types/d3-path': [ '3.1.1' ],
44 silly audit   '@types/d3-scale': [ '4.0.9' ],
44 silly audit   '@types/d3-shape': [ '3.1.7' ],
44 silly audit   '@types/d3-time': [ '3.0.4' ],
44 silly audit   '@types/d3-timer': [ '3.0.2' ],
44 silly audit   '@types/node': [ '24.0.10' ],
44 silly audit   '@types/phoenix': [ '1.6.6' ],
44 silly audit   '@types/raf': [ '3.4.3' ],
44 silly audit   '@types/trusted-types': [ '2.0.7' ],
44 silly audit   '@types/use-sync-external-store': [ '0.0.6' ],
44 silly audit   '@types/ws': [ '8.18.1' ],
44 silly audit   accepts: [ '2.0.0' ],
44 silly audit   'adler-32': [ '1.3.1' ],
44 silly audit   atob: [ '2.1.2' ],
44 silly audit   'base64-arraybuffer': [ '1.0.2' ],
44 silly audit   'body-parser': [ '2.2.0' ],
44 silly audit   btoa: [ '1.2.1' ],
44 silly audit   bytes: [ '3.1.2' ],
44 silly audit   'call-bind-apply-helpers': [ '1.0.2' ],
44 silly audit   'call-bound': [ '1.0.4' ],
44 silly audit   canvg: [ '3.0.11' ],
44 silly audit   cfb: [ '1.2.2' ],
44 silly audit   chownr: [ '3.0.0' ],
44 silly audit   clsx: [ '2.1.1' ],
44 silly audit   'cluster-key-slot': [ '1.1.2' ],
44 silly audit   codepage: [ '1.15.0' ],
44 silly audit   'content-disposition': [ '1.0.0' ],
44 silly audit   'content-type': [ '1.0.5' ],
44 silly audit   cookie: [ '1.0.2', '0.7.2' ],
44 silly audit   'cookie-signature': [ '1.2.2' ],
44 silly audit   'core-js': [ '3.43.0' ],
44 silly audit   cors: [ '2.8.5' ],
44 silly audit   'crc-32': [ '1.2.2' ],
44 silly audit   'css-line-break': [ '2.1.0' ],
44 silly audit   'd3-array': [ '3.2.4' ],
44 silly audit   'd3-color': [ '3.1.0' ],
44 silly audit   'd3-ease': [ '3.0.1' ],
44 silly audit   'd3-format': [ '3.1.0' ],
44 silly audit   'd3-interpolate': [ '3.0.1' ],
44 silly audit   'd3-path': [ '3.1.0' ],
44 silly audit   'd3-scale': [ '4.0.2' ],
44 silly audit   'd3-shape': [ '3.2.0' ],
44 silly audit   'd3-time': [ '3.1.0' ],
44 silly audit   'd3-time-format': [ '4.1.0' ],
44 silly audit   'd3-timer': [ '3.0.1' ],
44 silly audit   'date-fns': [ '4.1.0' ],
44 silly audit   debug: [ '4.4.1' ],
44 silly audit   'decimal.js-light': [ '2.5.1' ],
44 silly audit   depd: [ '2.0.0' ],
44 silly audit   'detect-libc': [ '2.0.4' ],
44 silly audit   dompurify: [ '3.2.6' ],
44 silly audit   dotenv: [ '17.0.1' ],
44 silly audit   'dunder-proto': [ '1.0.1' ],
44 silly audit   'ee-first': [ '1.1.1' ],
44 silly audit   encodeurl: [ '2.0.0' ],
44 silly audit   'enhanced-resolve': [ '5.18.2' ],
44 silly audit   'es-define-property': [ '1.0.1' ],
44 silly audit   'es-errors': [ '1.3.0' ],
44 silly audit   'es-object-atoms': [ '1.1.1' ],
44 silly audit   'es-toolkit': [ '1.39.6' ],
44 silly audit   'escape-html': [ '1.0.3' ],
44 silly audit   etag: [ '1.8.1' ],
44 silly audit   eventemitter3: [ '5.0.1' ],
44 silly audit   express: [ '5.1.0' ],
44 silly audit   fflate: [ '0.8.2' ],
44 silly audit   finalhandler: [ '2.1.0' ],
44 silly audit   forwarded: [ '0.2.0' ],
44 silly audit   frac: [ '1.1.2' ],
44 silly audit   fresh: [ '2.0.0' ],
44 silly audit   'function-bind': [ '1.1.2' ],
44 silly audit   'get-intrinsic': [ '1.3.0' ],
44 silly audit   'get-proto': [ '1.0.1' ],
44 silly audit   gopd: [ '1.2.0' ],
44 silly audit   'graceful-fs': [ '4.2.11' ],
44 silly audit   'has-symbols': [ '1.1.0' ],
44 silly audit   hasown: [ '2.0.2' ],
44 silly audit   html2canvas: [ '1.4.1' ],
44 silly audit   'http-errors': [ '2.0.0' ],
44 silly audit   statuses: [ '2.0.1', '2.0.2' ],
44 silly audit   'iconv-lite': [ '0.6.3' ],
44 silly audit   immer: [ '10.1.1' ],
44 silly audit   inherits: [ '2.0.4' ],
44 silly audit   internmap: [ '2.0.3' ],
44 silly audit   'ipaddr.js': [ '1.9.1' ],
44 silly audit   'is-promise': [ '4.0.0' ],
44 silly audit   isows: [ '1.0.7' ],
44 silly audit   jiti: [ '2.4.2' ],
44 silly audit   jspdf: [ '3.0.1' ],
44 silly audit   lightningcss: [ '1.30.1' ],
44 silly audit   'lightningcss-darwin-arm64': [ '1.30.1' ],
44 silly audit   'lightningcss-darwin-x64': [ '1.30.1' ],
44 silly audit   'lightningcss-freebsd-x64': [ '1.30.1' ],
44 silly audit   'lightningcss-linux-arm-gnueabihf': [ '1.30.1' ],
44 silly audit   'lightningcss-linux-arm64-gnu': [ '1.30.1' ],
44 silly audit   'lightningcss-linux-arm64-musl': [ '1.30.1' ],
44 silly audit   'lightningcss-linux-x64-gnu': [ '1.30.1' ],
44 silly audit   'lightningcss-linux-x64-musl': [ '1.30.1' ],
44 silly audit   'lightningcss-win32-arm64-msvc': [ '1.30.1' ],
44 silly audit   'lightningcss-win32-x64-msvc': [ '1.30.1' ],
44 silly audit   'magic-string': [ '0.30.17' ],
44 silly audit   'math-intrinsics': [ '1.1.0' ],
44 silly audit   'media-typer': [ '1.1.0' ],
44 silly audit   'merge-descriptors': [ '2.0.0' ],
44 silly audit   'mime-db': [ '1.54.0' ],
44 silly audit   'mime-types': [ '3.0.1' ],
44 silly audit   minipass: [ '7.1.2' ],
44 silly audit   minizlib: [ '3.0.2' ],
44 silly audit   mkdirp: [ '3.0.1' ],
44 silly audit   ms: [ '2.1.3' ],
44 silly audit   nanoid: [ '3.3.11' ],
44 silly audit   negotiator: [ '1.0.0' ],
44 silly audit   'object-assign': [ '4.1.1' ],
44 silly audit   'object-inspect': [ '1.13.4' ],
44 silly audit   'on-finished': [ '2.4.1' ],
44 silly audit   once: [ '1.4.0' ],
44 silly audit   papaparse: [ '5.5.3' ],
44 silly audit   parseurl: [ '1.3.3' ],
44 silly audit   'path-to-regexp': [ '8.2.0' ],
44 silly audit   'performance-now': [ '2.1.0' ],
44 silly audit   picocolors: [ '1.1.1' ],
44 silly audit   postcss: [ '8.5.6' ],
44 silly audit   'proxy-addr': [ '2.0.7' ],
44 silly audit   qs: [ '6.14.0' ],
44 silly audit   raf: [ '3.4.1' ],
44 silly audit   'range-parser': [ '1.2.1' ],
44 silly audit   'raw-body': [ '3.0.0' ],
44 silly audit   react: [ '19.1.0' ],
44 silly audit   'react-datepicker': [ '8.4.0' ],
44 silly audit   'react-dom': [ '19.1.0' ],
44 silly audit   'react-is': [ '19.1.0' ],
44 silly audit   'react-redux': [ '9.2.0' ],
44 silly audit   'react-router': [ '7.6.3' ],
44 silly audit   'react-router-dom': [ '7.6.3' ],
44 silly audit   recharts: [ '3.0.2' ],
44 silly audit   redis: [ '5.5.6' ],
44 silly audit   redux: [ '5.0.1' ],
44 silly audit   'redux-thunk': [ '3.1.0' ],
44 silly audit   'regenerator-runtime': [ '0.13.11' ],
44 silly audit   reselect: [ '5.1.1' ],
44 silly audit   rgbcolor: [ '1.0.1' ],
44 silly audit   router: [ '2.2.0' ],
44 silly audit   'safe-buffer': [ '5.2.1' ],
44 silly audit   'safer-buffer': [ '2.1.2' ],
44 silly audit   scheduler: [ '0.26.0' ],
44 silly audit   send: [ '1.2.0' ],
44 silly audit   'serve-static': [ '2.2.0' ],
44 silly audit   'set-cookie-parser': [ '2.7.1' ],
44 silly audit   setprototypeof: [ '1.2.0' ],
44 silly audit   'side-channel': [ '1.1.0' ],
44 silly audit   'side-channel-list': [ '1.0.0' ],
44 silly audit   'side-channel-map': [ '1.0.1' ],
44 silly audit   'side-channel-weakmap': [ '1.0.2' ],
44 silly audit   'source-map-js': [ '1.2.1' ],
44 silly audit   ssf: [ '0.11.2' ],
44 silly audit   'stackblur-canvas': [ '2.7.0' ],
44 silly audit   'svg-pathdata': [ '6.0.3' ],
44 silly audit   tabbable: [ '6.2.0' ],
44 silly audit   tailwindcss: [ '4.1.11' ],
44 silly audit   tapable: [ '2.2.2' ],
44 silly audit   tar: [ '7.4.3' ],
44 silly audit   'text-segmentation': [ '1.0.3' ],
44 silly audit   'tiny-invariant': [ '1.3.3' ],
44 silly audit   toidentifier: [ '1.0.1' ],
44 silly audit   tr46: [ '0.0.3' ],
44 silly audit   'type-is': [ '2.0.1' ],
44 silly audit   'undici-types': [ '7.8.0' ],
44 silly audit   unpipe: [ '1.0.0' ],
44 silly audit   'use-sync-external-store': [ '1.5.0' ],
44 silly audit   utrie: [ '1.0.2' ],
44 silly audit   vary: [ '1.1.2' ],
44 silly audit   'victory-vendor': [ '37.3.6' ],
44 silly audit   'webidl-conversions': [ '3.0.1' ],
44 silly audit   'whatwg-url': [ '5.0.0' ],
44 silly audit   wmf: [ '1.0.2' ],
44 silly audit   word: [ '0.3.0' ],
44 silly audit   wrappy: [ '1.0.2' ],
44 silly audit   ws: [ '8.18.3' ],
44 silly audit   xlsx: [ '0.18.5' ],
44 silly audit   yallist: [ '5.0.0' ],
44 silly audit   leaflet: [ '1.9.4' ],
44 silly audit   'react-leaflet': [ '5.0.0' ],
44 silly audit   '@react-leaflet/core': [ '3.0.0' ],
44 silly audit   '@tailwindcss/oxide-wasm32-wasi': [ '4.1.11' ]
44 silly audit }
45 verbose reify failed optional dependency /home/agoraelectoral/node_modules/lightningcss-win32-x64-msvc
46 silly reify mark deleted [ '/home/agoraelectoral/node_modules/lightningcss-win32-x64-msvc' ]
47 verbose reify failed optional dependency /home/agoraelectoral/node_modules/lightningcss-win32-arm64-msvc
48 silly reify mark deleted [ '/home/agoraelectoral/node_modules/lightningcss-win32-arm64-msvc' ]
49 verbose reify failed optional dependency /home/agoraelectoral/node_modules/lightningcss-linux-arm64-musl
50 silly reify mark deleted [ '/home/agoraelectoral/node_modules/lightningcss-linux-arm64-musl' ]
51 verbose reify failed optional dependency /home/agoraelectoral/node_modules/lightningcss-linux-arm64-gnu
52 silly reify mark deleted [ '/home/agoraelectoral/node_modules/lightningcss-linux-arm64-gnu' ]
53 verbose reify failed optional dependency /home/agoraelectoral/node_modules/lightningcss-linux-arm-gnueabihf
54 silly reify mark deleted [
54 silly reify   '/home/agoraelectoral/node_modules/lightningcss-linux-arm-gnueabihf'
54 silly reify ]
55 verbose reify failed optional dependency /home/agoraelectoral/node_modules/lightningcss-freebsd-x64
56 silly reify mark deleted [ '/home/agoraelectoral/node_modules/lightningcss-freebsd-x64' ]
57 verbose reify failed optional dependency /home/agoraelectoral/node_modules/lightningcss-darwin-x64
58 silly reify mark deleted [ '/home/agoraelectoral/node_modules/lightningcss-darwin-x64' ]
59 verbose reify failed optional dependency /home/agoraelectoral/node_modules/lightningcss-darwin-arm64
60 silly reify mark deleted [ '/home/agoraelectoral/node_modules/lightningcss-darwin-arm64' ]
61 verbose reify failed optional dependency /home/agoraelectoral/node_modules/@tailwindcss/oxide-win32-x64-msvc
62 silly reify mark deleted [
62 silly reify   '/home/agoraelectoral/node_modules/@tailwindcss/oxide-win32-x64-msvc'
62 silly reify ]
63 verbose reify failed optional dependency /home/agoraelectoral/node_modules/@tailwindcss/oxide-win32-arm64-msvc
64 silly reify mark deleted [
64 silly reify   '/home/agoraelectoral/node_modules/@tailwindcss/oxide-win32-arm64-msvc'
64 silly reify ]
65 verbose reify failed optional dependency /home/agoraelectoral/node_modules/@tailwindcss/oxide-linux-arm64-musl
66 silly reify mark deleted [
66 silly reify   '/home/agoraelectoral/node_modules/@tailwindcss/oxide-linux-arm64-musl'
66 silly reify ]
67 verbose reify failed optional dependency /home/agoraelectoral/node_modules/@tailwindcss/oxide-linux-arm64-gnu
68 silly reify mark deleted [
68 silly reify   '/home/agoraelectoral/node_modules/@tailwindcss/oxide-linux-arm64-gnu'
68 silly reify ]
69 verbose reify failed optional dependency /home/agoraelectoral/node_modules/@tailwindcss/oxide-linux-arm-gnueabihf
70 silly reify mark deleted [
70 silly reify   '/home/agoraelectoral/node_modules/@tailwindcss/oxide-linux-arm-gnueabihf'
70 silly reify ]
71 verbose reify failed optional dependency /home/agoraelectoral/node_modules/@tailwindcss/oxide-freebsd-x64
72 silly reify mark deleted [ '/home/agoraelectoral/node_modules/@tailwindcss/oxide-freebsd-x64' ]
73 verbose reify failed optional dependency /home/agoraelectoral/node_modules/@tailwindcss/oxide-darwin-x64
74 silly reify mark deleted [ '/home/agoraelectoral/node_modules/@tailwindcss/oxide-darwin-x64' ]
75 verbose reify failed optional dependency /home/agoraelectoral/node_modules/@tailwindcss/oxide-darwin-arm64
76 silly reify mark deleted [ '/home/agoraelectoral/node_modules/@tailwindcss/oxide-darwin-arm64' ]
77 verbose reify failed optional dependency /home/agoraelectoral/node_modules/@tailwindcss/oxide-android-arm64
78 silly reify mark deleted [
78 silly reify   '/home/agoraelectoral/node_modules/@tailwindcss/oxide-android-arm64'
78 silly reify ]
79 silly tarball no local data for @react-leaflet/core@https://registry.npmjs.org/@react-leaflet/core/-/core-3.0.0.tgz. Extracting by manifest.
80 silly tarball no local data for leaflet@https://registry.npmjs.org/leaflet/-/leaflet-1.9.4.tgz. Extracting by manifest.
81 silly tarball no local data for react-leaflet@https://registry.npmjs.org/react-leaflet/-/react-leaflet-5.0.0.tgz. Extracting by manifest.
82 http fetch GET 200 https://registry.npmjs.org/react-leaflet/-/react-leaflet-5.0.0.tgz 338ms (cache miss)
83 http fetch GET 200 https://registry.npmjs.org/@react-leaflet/core/-/core-3.0.0.tgz 457ms (cache miss)
84 http fetch POST 200 https://registry.npmjs.org/-/npm/v1/security/advisories/bulk 754ms
85 silly audit report {
85 silly audit report   xlsx: [
85 silly audit report     {
85 silly audit report       id: 1094599,
85 silly audit report       url: 'https://github.com/advisories/GHSA-4r6h-8v6p-xvw6',
85 silly audit report       title: 'Prototype Pollution in sheetJS',
85 silly audit report       severity: 'high',
85 silly audit report       vulnerable_versions: '<0.19.3',
85 silly audit report       cwe: [Array],
85 silly audit report       cvss: [Object]
85 silly audit report     },
85 silly audit report     {
85 silly audit report       id: 1096911,
85 silly audit report       url: 'https://github.com/advisories/GHSA-5pgg-2g8v-p4x9',
85 silly audit report       title: 'SheetJS Regular Expression Denial of Service (ReDoS)',
85 silly audit report       severity: 'high',
85 silly audit report       vulnerable_versions: '<0.20.2',
85 silly audit report       cwe: [Array],
85 silly audit report       cvss: [Object]
85 silly audit report     }
85 silly audit report   ]
85 silly audit report }
86 silly packumentCache corgi:https://registry.npmjs.org/xlsx cache-miss
87 http fetch GET 200 https://registry.npmjs.org/leaflet/-/leaflet-1.9.4.tgz 778ms (cache miss)
88 http fetch GET 200 https://registry.npmjs.org/xlsx 304ms (cache revalidated)
89 silly packumentCache corgi:https://registry.npmjs.org/xlsx set size:134408 disposed:false
90 silly ADD node_modules/@react-leaflet/core
91 silly ADD node_modules/react-leaflet
92 silly ADD node_modules/leaflet
93 silly ADD
94 silly ADD
95 silly ADD
96 silly ADD
97 silly ADD
98 silly ADD
99 silly ADD
100 silly ADD
101 silly ADD
102 silly ADD
103 silly ADD
104 silly ADD
105 silly ADD
106 silly ADD
107 silly ADD
108 silly ADD
109 silly ADD
110 silly ADD
111 verbose cwd /home/agoraelectoral
112 verbose os Linux 6.6.87.2-microsoft-standard-WSL2
113 verbose node v20.19.3
114 verbose npm  v10.8.2
115 verbose exit 0
116 info ok
