0 verbose cli /home/agoraelectoral/.nvm/versions/node/v20.19.3/bin/node /home/agoraelectoral/.nvm/versions/node/v20.19.3/bin/npm
1 info using npm@10.8.2
2 info using node@v20.19.3
3 silly config load:file:/home/agoraelectoral/.nvm/versions/node/v20.19.3/lib/node_modules/npm/npmrc
4 silly config load:file:/home/agoraelectoral/.npmrc
5 silly config load:file:/home/agoraelectoral/.nvm/versions/node/v20.19.3/etc/npmrc
6 verbose title npm install vite @vitejs/plugin-react
7 verbose argv "install" "--save-dev" "vite" "@vitejs/plugin-react"
8 verbose logfile logs-max:10 dir:/home/agoraelectoral/.npm/_logs/2025-07-06T01_58_48_796Z-
9 verbose logfile /home/agoraelectoral/.npm/_logs/2025-07-06T01_58_48_796Z-debug-0.log
10 silly packumentCache heap:2197815296 maxSize:549453824 maxEntrySize:274726912
11 silly logfile start cleaning logs, removing 1 files
12 silly logfile done cleaning log files
13 silly idealTree buildDeps
14 silly fetch manifest vite@*
15 silly packumentCache full:https://registry.npmjs.org/vite cache-miss
16 http fetch GET 200 https://registry.npmjs.org/vite 451ms (cache hit)
17 silly packumentCache full:https://registry.npmjs.org/vite set size:38437001 disposed:false
18 silly fetch manifest @types/node@^20.19.0 || >=22.12.0
19 silly packumentCache full:https://registry.npmjs.org/@types%2fnode cache-miss
20 http fetch GET 200 https://registry.npmjs.org/@types%2fnode 66ms (cache hit)
21 silly packumentCache full:https://registry.npmjs.org/@types%2fnode set size:10360744 disposed:false
22 silly fetch manifest jiti@>=1.21.0
23 silly packumentCache full:https://registry.npmjs.org/jiti cache-miss
24 http fetch GET 200 https://registry.npmjs.org/jiti 16ms (cache hit)
25 silly packumentCache full:https://registry.npmjs.org/jiti set size:363881 disposed:false
26 silly fetch manifest less@^4.0.0
27 silly packumentCache full:https://registry.npmjs.org/less cache-miss
28 http fetch GET 200 https://registry.npmjs.org/less 11ms (cache hit)
29 silly packumentCache full:https://registry.npmjs.org/less set size:413596 disposed:false
30 silly fetch manifest lightningcss@^1.21.0
31 silly packumentCache full:https://registry.npmjs.org/lightningcss cache-miss
32 http fetch GET 200 https://registry.npmjs.org/lightningcss 13ms (cache hit)
33 silly packumentCache full:https://registry.npmjs.org/lightningcss set size:169503 disposed:false
34 silly fetch manifest sass@^1.70.0
35 silly packumentCache full:https://registry.npmjs.org/sass cache-miss
36 http fetch GET 200 https://registry.npmjs.org/sass 11ms (cache hit)
37 silly packumentCache full:https://registry.npmjs.org/sass set size:683895 disposed:false
38 silly fetch manifest sass-embedded@^1.70.0
39 silly packumentCache full:https://registry.npmjs.org/sass-embedded cache-miss
40 http fetch GET 200 https://registry.npmjs.org/sass-embedded 10ms (cache hit)
41 silly packumentCache full:https://registry.npmjs.org/sass-embedded set size:352957 disposed:false
42 silly fetch manifest stylus@>=0.54.8
43 silly packumentCache full:https://registry.npmjs.org/stylus cache-miss
44 http fetch GET 200 https://registry.npmjs.org/stylus 14ms (cache hit)
45 silly packumentCache full:https://registry.npmjs.org/stylus set size:286766 disposed:false
46 silly fetch manifest sugarss@^5.0.0
47 silly packumentCache full:https://registry.npmjs.org/sugarss cache-miss
48 http fetch GET 200 https://registry.npmjs.org/sugarss 12ms (cache hit)
49 silly packumentCache full:https://registry.npmjs.org/sugarss set size:43245 disposed:false
50 silly fetch manifest postcss@^8.3.3
51 silly packumentCache full:https://registry.npmjs.org/postcss cache-miss
52 http fetch GET 200 https://registry.npmjs.org/postcss 13ms (cache hit)
53 silly packumentCache full:https://registry.npmjs.org/postcss set size:696262 disposed:false
54 silly fetch manifest terser@^5.16.0
55 silly packumentCache full:https://registry.npmjs.org/terser cache-miss
56 http fetch GET 200 https://registry.npmjs.org/terser 13ms (cache hit)
57 silly packumentCache full:https://registry.npmjs.org/terser set size:773562 disposed:false
58 silly fetch manifest tsx@^4.8.1
59 silly packumentCache full:https://registry.npmjs.org/tsx cache-miss
60 http fetch GET 200 https://registry.npmjs.org/tsx 12ms (cache hit)
61 silly packumentCache full:https://registry.npmjs.org/tsx set size:280496 disposed:false
62 silly fetch manifest yaml@^2.4.2
63 silly packumentCache full:https://registry.npmjs.org/yaml cache-miss
64 http fetch GET 200 https://registry.npmjs.org/yaml 11ms (cache hit)
65 silly packumentCache full:https://registry.npmjs.org/yaml set size:357940 disposed:false
66 silly fetch manifest @vitejs/plugin-react@*
67 silly packumentCache full:https://registry.npmjs.org/@vitejs%2fplugin-react cache-miss
68 http fetch GET 200 https://registry.npmjs.org/@vitejs%2fplugin-react 441ms (cache revalidated)
69 silly packumentCache full:https://registry.npmjs.org/@vitejs%2fplugin-react set size:218181 disposed:false
70 silly placeDep ROOT @vitejs/plugin-react@4.6.0 OK for: agoraelectoral@1.0.0 want: *
71 silly placeDep ROOT vite@7.0.2 REPLACE for: agoraelectoral@1.0.0 want: *
72 silly fetch manifest @babel/core@^7.27.4
73 silly packumentCache full:https://registry.npmjs.org/@babel%2fcore cache-miss
74 silly fetch manifest @babel/plugin-transform-react-jsx-self@^7.27.1
75 silly packumentCache full:https://registry.npmjs.org/@babel%2fplugin-transform-react-jsx-self cache-miss
76 silly fetch manifest @babel/plugin-transform-react-jsx-source@^7.27.1
77 silly packumentCache full:https://registry.npmjs.org/@babel%2fplugin-transform-react-jsx-source cache-miss
78 silly fetch manifest @rolldown/pluginutils@1.0.0-beta.19
79 silly packumentCache full:https://registry.npmjs.org/@rolldown%2fpluginutils cache-miss
80 silly fetch manifest @types/babel__core@^7.20.5
81 silly packumentCache full:https://registry.npmjs.org/@types%2fbabel__core cache-miss
82 silly fetch manifest react-refresh@^0.17.0
83 silly packumentCache full:https://registry.npmjs.org/react-refresh cache-miss
84 http fetch GET 200 https://registry.npmjs.org/@types%2fbabel__core 130ms (cache revalidated)
85 silly packumentCache full:https://registry.npmjs.org/@types%2fbabel__core set size:88659 disposed:false
86 http fetch GET 200 https://registry.npmjs.org/@babel%2fcore 162ms (cache revalidated)
87 silly packumentCache full:https://registry.npmjs.org/@babel%2fcore set size:721886 disposed:false
88 http fetch GET 200 https://registry.npmjs.org/@babel%2fplugin-transform-react-jsx-self 357ms (cache revalidated)
89 silly packumentCache full:https://registry.npmjs.org/@babel%2fplugin-transform-react-jsx-self set size:193913 disposed:false
90 http fetch GET 200 https://registry.npmjs.org/@rolldown%2fpluginutils 364ms (cache revalidated)
91 silly packumentCache full:https://registry.npmjs.org/@rolldown%2fpluginutils set size:130850 disposed:false
92 http fetch GET 200 https://registry.npmjs.org/@babel%2fplugin-transform-react-jsx-source 375ms (cache revalidated)
93 silly packumentCache full:https://registry.npmjs.org/@babel%2fplugin-transform-react-jsx-source set size:198875 disposed:false
94 http fetch GET 200 https://registry.npmjs.org/react-refresh 476ms (cache revalidated)
95 silly packumentCache full:https://registry.npmjs.org/react-refresh set size:5609279 disposed:false
96 silly placeDep ROOT @babel/core@7.28.0 OK for: @vitejs/plugin-react@4.6.0 want: ^7.27.4
97 silly placeDep ROOT @babel/plugin-transform-react-jsx-self@7.27.1 OK for: @vitejs/plugin-react@4.6.0 want: ^7.27.1
98 silly placeDep ROOT @babel/plugin-transform-react-jsx-source@7.27.1 OK for: @vitejs/plugin-react@4.6.0 want: ^7.27.1
99 silly placeDep ROOT @rolldown/pluginutils@1.0.0-beta.19 OK for: @vitejs/plugin-react@4.6.0 want: 1.0.0-beta.19
100 silly placeDep ROOT @types/babel__core@7.20.5 OK for: @vitejs/plugin-react@4.6.0 want: ^7.20.5
101 silly placeDep ROOT react-refresh@0.17.0 OK for: @vitejs/plugin-react@4.6.0 want: ^0.17.0
102 silly fetch manifest json5@^2.2.3
103 silly packumentCache full:https://registry.npmjs.org/json5 cache-miss
104 silly fetch manifest semver@^6.3.1
105 silly packumentCache full:https://registry.npmjs.org/semver cache-miss
106 silly fetch manifest gensync@^1.0.0-beta.2
107 silly packumentCache full:https://registry.npmjs.org/gensync cache-miss
108 silly fetch manifest @babel/types@^7.28.0
109 silly packumentCache full:https://registry.npmjs.org/@babel%2ftypes cache-miss
110 silly fetch manifest @babel/parser@^7.28.0
111 silly packumentCache full:https://registry.npmjs.org/@babel%2fparser cache-miss
112 silly fetch manifest @babel/helpers@^7.27.6
113 silly packumentCache full:https://registry.npmjs.org/@babel%2fhelpers cache-miss
114 silly fetch manifest @babel/template@^7.27.2
115 silly packumentCache full:https://registry.npmjs.org/@babel%2ftemplate cache-miss
116 http fetch GET 200 https://registry.npmjs.org/gensync 91ms (cache revalidated)
117 silly packumentCache full:https://registry.npmjs.org/gensync set size:15068 disposed:false
118 silly fetch manifest @babel/traverse@^7.28.0
119 silly packumentCache full:https://registry.npmjs.org/@babel%2ftraverse cache-miss
120 http fetch GET 200 https://registry.npmjs.org/semver 155ms (cache revalidated)
121 silly packumentCache full:https://registry.npmjs.org/semver set size:224186 disposed:false
122 silly fetch manifest @babel/generator@^7.28.0
123 silly packumentCache full:https://registry.npmjs.org/@babel%2fgenerator cache-miss
124 http fetch GET 200 https://registry.npmjs.org/json5 168ms (cache revalidated)
125 silly packumentCache full:https://registry.npmjs.org/json5 set size:86136 disposed:false
126 silly fetch manifest convert-source-map@^2.0.0
127 silly packumentCache full:https://registry.npmjs.org/convert-source-map cache-miss
128 http fetch GET 200 https://registry.npmjs.org/@babel%2fparser 207ms (cache revalidated)
129 silly packumentCache full:https://registry.npmjs.org/@babel%2fparser set size:691741 disposed:false
130 silly fetch manifest @babel/helper-module-transforms@^7.27.3
131 silly packumentCache full:https://registry.npmjs.org/@babel%2fhelper-module-transforms cache-miss
132 http fetch GET 200 https://registry.npmjs.org/@babel%2ftemplate 222ms (cache revalidated)
133 silly packumentCache full:https://registry.npmjs.org/@babel%2ftemplate set size:213898 disposed:false
134 silly fetch manifest @babel/helper-compilation-targets@^7.27.2
135 silly packumentCache full:https://registry.npmjs.org/@babel%2fhelper-compilation-targets cache-miss
136 http fetch GET 200 https://registry.npmjs.org/@babel%2ftraverse 141ms (cache revalidated)
137 silly packumentCache full:https://registry.npmjs.org/@babel%2ftraverse set size:525342 disposed:false
138 silly fetch manifest @babel/helper-plugin-utils@^7.27.1
139 silly packumentCache full:https://registry.npmjs.org/@babel%2fhelper-plugin-utils cache-miss
140 http fetch GET 200 https://registry.npmjs.org/@babel%2fhelpers 253ms (cache revalidated)
141 silly packumentCache full:https://registry.npmjs.org/@babel%2fhelpers set size:367888 disposed:false
142 silly fetch manifest @babel/helper-plugin-utils@^7.27.1
143 silly packumentCache full:https://registry.npmjs.org/@babel%2fhelper-plugin-utils cache-miss
144 http fetch GET 200 https://registry.npmjs.org/convert-source-map 204ms (cache revalidated)
145 silly packumentCache full:https://registry.npmjs.org/convert-source-map set size:66997 disposed:false
146 silly fetch manifest @babel/types@^7.20.7
147 silly packumentCache full:https://registry.npmjs.org/@babel%2ftypes cache-miss
148 http fetch GET 200 https://registry.npmjs.org/@babel%2fgenerator 227ms (cache revalidated)
149 silly packumentCache full:https://registry.npmjs.org/@babel%2fgenerator set size:484005 disposed:false
150 silly fetch manifest @babel/parser@^7.20.7
151 silly packumentCache full:https://registry.npmjs.org/@babel%2fparser cache-hit
152 silly fetch manifest @types/babel__template@*
153 silly packumentCache full:https://registry.npmjs.org/@types%2fbabel__template cache-miss
154 http fetch GET 200 https://registry.npmjs.org/@babel%2fhelper-compilation-targets 173ms (cache revalidated)
155 silly packumentCache full:https://registry.npmjs.org/@babel%2fhelper-compilation-targets set size:204331 disposed:false
156 silly fetch manifest @types/babel__traverse@*
157 silly packumentCache full:https://registry.npmjs.org/@types%2fbabel__traverse cache-miss
158 http fetch GET 200 https://registry.npmjs.org/@babel%2fhelper-plugin-utils 182ms (cache revalidated)
159 silly packumentCache full:https://registry.npmjs.org/@babel%2fhelper-plugin-utils set size:151129 disposed:false
160 silly fetch manifest @types/babel__generator@*
161 silly packumentCache full:https://registry.npmjs.org/@types%2fbabel__generator cache-miss
162 http fetch GET 200 https://registry.npmjs.org/@babel%2fhelper-plugin-utils 182ms (cache revalidated)
163 silly packumentCache full:https://registry.npmjs.org/@babel%2fhelper-plugin-utils set size:151129 disposed:false
164 silly packumentCache full:https://registry.npmjs.org/@babel%2fhelper-plugin-utils dispose
165 http fetch GET 200 https://registry.npmjs.org/@babel%2ftypes 459ms (cache revalidated)
166 silly packumentCache full:https://registry.npmjs.org/@babel%2ftypes set size:464115 disposed:false
167 http fetch GET 200 https://registry.npmjs.org/@babel%2ftypes 108ms (cache revalidated)
168 silly packumentCache full:https://registry.npmjs.org/@babel%2ftypes set size:464115 disposed:false
169 silly packumentCache full:https://registry.npmjs.org/@babel%2ftypes dispose
170 http fetch GET 200 https://registry.npmjs.org/@types%2fbabel__template 121ms (cache revalidated)
171 silly packumentCache full:https://registry.npmjs.org/@types%2fbabel__template set size:22615 disposed:false
172 http fetch GET 200 https://registry.npmjs.org/@types%2fbabel__traverse 142ms (cache revalidated)
173 silly packumentCache full:https://registry.npmjs.org/@types%2fbabel__traverse set size:105606 disposed:false
174 http fetch GET 200 https://registry.npmjs.org/@types%2fbabel__generator 123ms (cache revalidated)
175 silly packumentCache full:https://registry.npmjs.org/@types%2fbabel__generator set size:31570 disposed:false
176 http fetch GET 200 https://registry.npmjs.org/@babel%2fhelper-module-transforms 353ms (cache revalidated)
177 silly packumentCache full:https://registry.npmjs.org/@babel%2fhelper-module-transforms set size:317388 disposed:false
178 silly fetch manifest @babel/core@^7.0.0
179 silly packumentCache full:https://registry.npmjs.org/@babel%2fcore cache-hit
180 silly placeDep ROOT @babel/generator@7.28.0 OK for: @babel/core@7.28.0 want: ^7.28.0
181 silly placeDep ROOT @babel/helper-compilation-targets@7.27.2 OK for: @babel/core@7.28.0 want: ^7.27.2
182 silly placeDep ROOT @babel/helper-module-transforms@7.27.3 OK for: @babel/core@7.28.0 want: ^7.27.3
183 silly placeDep ROOT @babel/helpers@7.27.6 OK for: @babel/core@7.28.0 want: ^7.27.6
184 silly placeDep ROOT @babel/parser@7.28.0 OK for: @babel/core@7.28.0 want: ^7.28.0
185 silly placeDep ROOT @babel/template@7.27.2 OK for: @babel/core@7.28.0 want: ^7.27.2
186 silly placeDep ROOT @babel/traverse@7.28.0 OK for: @babel/core@7.28.0 want: ^7.28.0
187 silly placeDep ROOT @babel/types@7.28.0 OK for: @babel/core@7.28.0 want: ^7.28.0
188 silly placeDep ROOT convert-source-map@2.0.0 OK for: @babel/core@7.28.0 want: ^2.0.0
189 silly placeDep ROOT gensync@1.0.0-beta.2 OK for: @babel/core@7.28.0 want: ^1.0.0-beta.2
190 silly placeDep ROOT json5@2.2.3 OK for: @babel/core@7.28.0 want: ^2.2.3
191 silly placeDep ROOT semver@6.3.1 OK for: @babel/core@7.28.0 want: ^6.3.1
192 silly fetch manifest jsesc@^3.0.2
193 silly packumentCache full:https://registry.npmjs.org/jsesc cache-miss
194 silly fetch manifest lru-cache@^5.1.1
195 silly packumentCache full:https://registry.npmjs.org/lru-cache cache-miss
196 silly fetch manifest browserslist@^4.24.0
197 silly packumentCache full:https://registry.npmjs.org/browserslist cache-miss
198 silly fetch manifest @babel/compat-data@^7.27.2
199 silly packumentCache full:https://registry.npmjs.org/@babel%2fcompat-data cache-miss
200 silly fetch manifest @babel/helper-validator-option@^7.27.1
201 silly packumentCache full:https://registry.npmjs.org/@babel%2fhelper-validator-option cache-miss
202 silly fetch manifest @babel/traverse@^7.27.3
203 silly packumentCache full:https://registry.npmjs.org/@babel%2ftraverse cache-hit
204 silly fetch manifest @babel/helper-module-imports@^7.27.1
205 silly packumentCache full:https://registry.npmjs.org/@babel%2fhelper-module-imports cache-miss
206 silly fetch manifest @babel/types@^7.27.6
207 silly packumentCache full:https://registry.npmjs.org/@babel%2ftypes cache-hit
208 silly fetch manifest @babel/types@^7.27.1
209 silly packumentCache full:https://registry.npmjs.org/@babel%2ftypes cache-hit
210 silly fetch manifest @babel/helper-globals@^7.28.0
211 silly packumentCache full:https://registry.npmjs.org/@babel%2fhelper-globals cache-miss
212 http fetch GET 200 https://registry.npmjs.org/lru-cache 67ms (cache hit)
213 silly packumentCache full:https://registry.npmjs.org/lru-cache set size:391063 disposed:false
214 silly fetch manifest @babel/helper-string-parser@^7.27.1
215 silly packumentCache full:https://registry.npmjs.org/@babel%2fhelper-string-parser cache-miss
216 http fetch GET 200 https://registry.npmjs.org/browserslist 144ms (cache revalidated)
217 silly packumentCache full:https://registry.npmjs.org/browserslist set size:482975 disposed:false
218 http fetch GET 200 https://registry.npmjs.org/jsesc 194ms (cache revalidated)
219 silly packumentCache full:https://registry.npmjs.org/jsesc set size:61512 disposed:false
220 http fetch GET 200 https://registry.npmjs.org/@babel%2fcompat-data 189ms (cache revalidated)
221 silly packumentCache full:https://registry.npmjs.org/@babel%2fcompat-data set size:284680 disposed:false
222 http fetch GET 200 https://registry.npmjs.org/@babel%2fhelper-validator-option 197ms (cache revalidated)
223 silly packumentCache full:https://registry.npmjs.org/@babel%2fhelper-validator-option set size:81998 disposed:false
224 http fetch GET 200 https://registry.npmjs.org/@babel%2fhelper-globals 194ms (cache revalidated)
225 silly packumentCache full:https://registry.npmjs.org/@babel%2fhelper-globals set size:4443 disposed:false
226 http fetch GET 200 https://registry.npmjs.org/@babel%2fhelper-string-parser 136ms (cache revalidated)
227 silly packumentCache full:https://registry.npmjs.org/@babel%2fhelper-string-parser set size:71187 disposed:false
228 http fetch GET 200 https://registry.npmjs.org/@babel%2fhelper-module-imports 211ms (cache revalidated)
229 silly packumentCache full:https://registry.npmjs.org/@babel%2fhelper-module-imports set size:180179 disposed:false
230 silly placeDep ROOT jsesc@3.1.0 OK for: @babel/generator@7.28.0 want: ^3.0.2
231 silly placeDep ROOT @babel/compat-data@7.28.0 OK for: @babel/helper-compilation-targets@7.27.2 want: ^7.27.2
232 silly placeDep ROOT @babel/helper-validator-option@7.27.1 OK for: @babel/helper-compilation-targets@7.27.2 want: ^7.27.1
233 silly placeDep ROOT browserslist@4.25.1 OK for: @babel/helper-compilation-targets@7.27.2 want: ^4.24.0
234 silly placeDep node_modules/@babel/helper-compilation-targets lru-cache@5.1.1 OK for: @babel/helper-compilation-targets@7.27.2 want: ^5.1.1
235 silly fetch manifest caniuse-lite@^1.0.30001726
236 silly packumentCache full:https://registry.npmjs.org/caniuse-lite cache-miss
237 silly fetch manifest electron-to-chromium@^1.5.173
238 silly packumentCache full:https://registry.npmjs.org/electron-to-chromium cache-miss
239 silly fetch manifest node-releases@^2.0.19
240 silly packumentCache full:https://registry.npmjs.org/node-releases cache-miss
241 silly fetch manifest update-browserslist-db@^1.1.3
242 silly packumentCache full:https://registry.npmjs.org/update-browserslist-db cache-miss
243 silly fetch manifest yallist@^3.0.2
244 silly packumentCache full:https://registry.npmjs.org/yallist cache-miss
245 http fetch GET 200 https://registry.npmjs.org/caniuse-lite 141ms (cache revalidated)
246 silly packumentCache full:https://registry.npmjs.org/caniuse-lite set size:2181617 disposed:false
247 http fetch GET 200 https://registry.npmjs.org/yallist 199ms (cache revalidated)
248 silly packumentCache full:https://registry.npmjs.org/yallist set size:34610 disposed:false
249 http fetch GET 200 https://registry.npmjs.org/node-releases 206ms (cache revalidated)
250 silly packumentCache full:https://registry.npmjs.org/node-releases set size:260405 disposed:false
251 http fetch GET 200 https://registry.npmjs.org/update-browserslist-db 215ms (cache revalidated)
252 silly packumentCache full:https://registry.npmjs.org/update-browserslist-db set size:52280 disposed:false
253 http fetch GET 200 https://registry.npmjs.org/electron-to-chromium 292ms (cache revalidated)
254 silly packumentCache full:https://registry.npmjs.org/electron-to-chromium set size:4546608 disposed:false
255 silly placeDep ROOT @babel/helper-module-imports@7.27.1 OK for: @babel/helper-module-transforms@7.27.3 want: ^7.27.1
256 silly placeDep ROOT @babel/helper-plugin-utils@7.27.1 OK for: @babel/plugin-transform-react-jsx-self@7.27.1 want: ^7.27.1
257 silly placeDep ROOT @babel/helper-globals@7.28.0 OK for: @babel/traverse@7.28.0 want: ^7.28.0
258 silly placeDep ROOT @babel/helper-string-parser@7.27.1 OK for: @babel/types@7.28.0 want: ^7.27.1
259 silly placeDep ROOT @types/babel__generator@7.27.0 OK for: @types/babel__core@7.20.5 want: *
260 silly placeDep ROOT @types/babel__template@7.4.4 OK for: @types/babel__core@7.20.5 want: *
261 silly placeDep ROOT @types/babel__traverse@7.20.7 OK for: @types/babel__core@7.20.5 want: *
262 silly fetch manifest browserslist@>= 4.21.0
263 silly packumentCache full:https://registry.npmjs.org/browserslist cache-hit
264 silly placeDep ROOT caniuse-lite@1.0.30001726 OK for: browserslist@4.25.1 want: ^1.0.30001726
265 silly placeDep ROOT electron-to-chromium@1.5.179 OK for: browserslist@4.25.1 want: ^1.5.173
266 silly placeDep ROOT node-releases@2.0.19 OK for: browserslist@4.25.1 want: ^2.0.19
267 silly placeDep ROOT update-browserslist-db@1.1.3 OK for: browserslist@4.25.1 want: ^1.1.3
268 silly fetch manifest escalade@^3.2.0
269 silly packumentCache full:https://registry.npmjs.org/escalade cache-miss
270 http fetch GET 200 https://registry.npmjs.org/escalade 123ms (cache revalidated)
271 silly packumentCache full:https://registry.npmjs.org/escalade set size:33724 disposed:false
272 silly placeDep ROOT escalade@3.2.0 OK for: update-browserslist-db@1.1.3 want: ^3.2.0
273 silly placeDep node_modules/@babel/helper-compilation-targets yallist@3.1.1 OK for: lru-cache@5.1.1 want: ^3.0.2
274 silly reify moves {}
275 verbose reify failed optional dependency /home/agoraelectoral/node_modules/@tailwindcss/oxide-wasm32-wasi
276 silly reify mark deleted [ '/home/agoraelectoral/node_modules/@tailwindcss/oxide-wasm32-wasi' ]
277 silly audit bulk request {
277 silly audit   '@adobe/css-tools': [ '4.4.3' ],
277 silly audit   '@alloc/quick-lru': [ '5.2.0' ],
277 silly audit   '@ampproject/remapping': [ '2.3.0' ],
277 silly audit   '@asamuzakjp/css-color': [ '3.2.0' ],
277 silly audit   '@babel/code-frame': [ '7.27.1' ],
277 silly audit   '@babel/helper-validator-identifier': [ '7.27.1' ],
277 silly audit   '@babel/runtime': [ '7.27.6' ],
277 silly audit   '@csstools/color-helpers': [ '5.0.2' ],
277 silly audit   '@csstools/css-calc': [ '2.1.4' ],
277 silly audit   '@csstools/css-color-parser': [ '3.0.10' ],
277 silly audit   '@csstools/css-parser-algorithms': [ '3.0.5' ],
277 silly audit   '@csstools/css-tokenizer': [ '3.0.4' ],
277 silly audit   '@esbuild/aix-ppc64': [ '0.25.5' ],
277 silly audit   '@esbuild/android-arm': [ '0.25.5' ],
277 silly audit   '@esbuild/android-arm64': [ '0.25.5' ],
277 silly audit   '@esbuild/android-x64': [ '0.25.5' ],
277 silly audit   '@esbuild/darwin-arm64': [ '0.25.5' ],
277 silly audit   '@esbuild/darwin-x64': [ '0.25.5' ],
277 silly audit   '@esbuild/freebsd-arm64': [ '0.25.5' ],
277 silly audit   '@esbuild/freebsd-x64': [ '0.25.5' ],
277 silly audit   '@esbuild/linux-arm': [ '0.25.5' ],
277 silly audit   '@esbuild/linux-arm64': [ '0.25.5' ],
277 silly audit   '@esbuild/linux-ia32': [ '0.25.5' ],
277 silly audit   '@esbuild/linux-loong64': [ '0.25.5' ],
277 silly audit   '@esbuild/linux-mips64el': [ '0.25.5' ],
277 silly audit   '@esbuild/linux-ppc64': [ '0.25.5' ],
277 silly audit   '@esbuild/linux-riscv64': [ '0.25.5' ],
277 silly audit   '@esbuild/linux-s390x': [ '0.25.5' ],
277 silly audit   '@esbuild/linux-x64': [ '0.25.5' ],
277 silly audit   '@esbuild/netbsd-arm64': [ '0.25.5' ],
277 silly audit   '@esbuild/netbsd-x64': [ '0.25.5' ],
277 silly audit   '@esbuild/openbsd-arm64': [ '0.25.5' ],
277 silly audit   '@esbuild/openbsd-x64': [ '0.25.5' ],
277 silly audit   '@esbuild/sunos-x64': [ '0.25.5' ],
277 silly audit   '@esbuild/win32-arm64': [ '0.25.5' ],
277 silly audit   '@esbuild/win32-ia32': [ '0.25.5' ],
277 silly audit   '@esbuild/win32-x64': [ '0.25.5' ],
277 silly audit   '@floating-ui/core': [ '1.7.2' ],
277 silly audit   '@floating-ui/dom': [ '1.7.2' ],
277 silly audit   '@floating-ui/react': [ '0.27.13' ],
277 silly audit   '@floating-ui/react-dom': [ '2.1.4' ],
277 silly audit   '@floating-ui/utils': [ '0.2.10' ],
277 silly audit   '@isaacs/fs-minipass': [ '4.0.1' ],
277 silly audit   '@jridgewell/gen-mapping': [ '0.3.12' ],
277 silly audit   '@jridgewell/resolve-uri': [ '3.1.2' ],
277 silly audit   '@jridgewell/sourcemap-codec': [ '1.5.4' ],
277 silly audit   '@jridgewell/trace-mapping': [ '0.3.29' ],
277 silly audit   '@polka/url': [ '1.0.0-next.29' ],
277 silly audit   '@react-leaflet/core': [ '3.0.0' ],
277 silly audit   '@redis/bloom': [ '5.5.6' ],
277 silly audit   '@redis/client': [ '5.5.6' ],
277 silly audit   '@redis/json': [ '5.5.6' ],
277 silly audit   '@redis/search': [ '5.5.6' ],
277 silly audit   '@redis/time-series': [ '5.5.6' ],
277 silly audit   '@reduxjs/toolkit': [ '2.8.2' ],
277 silly audit   '@rollup/rollup-android-arm-eabi': [ '4.44.2' ],
277 silly audit   '@rollup/rollup-android-arm64': [ '4.44.2' ],
277 silly audit   '@rollup/rollup-darwin-arm64': [ '4.44.2' ],
277 silly audit   '@rollup/rollup-darwin-x64': [ '4.44.2' ],
277 silly audit   '@rollup/rollup-freebsd-arm64': [ '4.44.2' ],
277 silly audit   '@rollup/rollup-freebsd-x64': [ '4.44.2' ],
277 silly audit   '@rollup/rollup-linux-arm-gnueabihf': [ '4.44.2' ],
277 silly audit   '@rollup/rollup-linux-arm-musleabihf': [ '4.44.2' ],
277 silly audit   '@rollup/rollup-linux-arm64-gnu': [ '4.44.2' ],
277 silly audit   '@rollup/rollup-linux-arm64-musl': [ '4.44.2' ],
277 silly audit   '@rollup/rollup-linux-loongarch64-gnu': [ '4.44.2' ],
277 silly audit   '@rollup/rollup-linux-powerpc64le-gnu': [ '4.44.2' ],
277 silly audit   '@rollup/rollup-linux-riscv64-gnu': [ '4.44.2' ],
277 silly audit   '@rollup/rollup-linux-riscv64-musl': [ '4.44.2' ],
277 silly audit   '@rollup/rollup-linux-s390x-gnu': [ '4.44.2' ],
277 silly audit   '@rollup/rollup-linux-x64-gnu': [ '4.44.2' ],
277 silly audit   '@rollup/rollup-linux-x64-musl': [ '4.44.2' ],
277 silly audit   '@rollup/rollup-win32-arm64-msvc': [ '4.44.2' ],
277 silly audit   '@rollup/rollup-win32-ia32-msvc': [ '4.44.2' ],
277 silly audit   '@rollup/rollup-win32-x64-msvc': [ '4.44.2' ],
277 silly audit   '@standard-schema/spec': [ '1.0.0' ],
277 silly audit   '@standard-schema/utils': [ '0.3.0' ],
277 silly audit   '@supabase/auth-js': [ '2.70.0' ],
277 silly audit   '@supabase/functions-js': [ '2.4.5' ],
277 silly audit   '@supabase/node-fetch': [ '2.6.15' ],
277 silly audit   '@supabase/postgrest-js': [ '1.19.4' ],
277 silly audit   '@supabase/realtime-js': [ '2.11.15' ],
277 silly audit   '@supabase/storage-js': [ '2.7.1' ],
277 silly audit   '@supabase/supabase-js': [ '2.50.3' ],
277 silly audit   '@tailwindcss/node': [ '4.1.11' ],
277 silly audit   '@tailwindcss/oxide': [ '4.1.11' ],
277 silly audit   '@tailwindcss/oxide-android-arm64': [ '4.1.11' ],
277 silly audit   '@tailwindcss/oxide-darwin-arm64': [ '4.1.11' ],
277 silly audit   '@tailwindcss/oxide-darwin-x64': [ '4.1.11' ],
277 silly audit   '@tailwindcss/oxide-freebsd-x64': [ '4.1.11' ],
277 silly audit   '@tailwindcss/oxide-linux-arm-gnueabihf': [ '4.1.11' ],
277 silly audit   '@tailwindcss/oxide-linux-arm64-gnu': [ '4.1.11' ],
277 silly audit   '@tailwindcss/oxide-linux-arm64-musl': [ '4.1.11' ],
277 silly audit   '@tailwindcss/oxide-linux-x64-gnu': [ '4.1.11' ],
277 silly audit   '@tailwindcss/oxide-linux-x64-musl': [ '4.1.11' ],
277 silly audit   '@tailwindcss/oxide-win32-arm64-msvc': [ '4.1.11' ],
277 silly audit   '@tailwindcss/oxide-win32-x64-msvc': [ '4.1.11' ],
277 silly audit   '@tailwindcss/postcss': [ '4.1.11' ],
277 silly audit   '@testing-library/dom': [ '10.4.0' ],
277 silly audit   '@testing-library/jest-dom': [ '6.6.3' ],
277 silly audit   chalk: [ '3.0.0', '4.1.2' ],
277 silly audit   'dom-accessibility-api': [ '0.6.3', '0.5.16' ],
277 silly audit   '@testing-library/react': [ '16.3.0' ],
277 silly audit   '@testing-library/user-event': [ '14.6.1' ],
277 silly audit   '@types/aria-query': [ '5.0.4' ],
277 silly audit   '@types/chai': [ '5.2.2' ],
277 silly audit   '@types/d3-array': [ '3.2.1' ],
277 silly audit   '@types/d3-color': [ '3.1.3' ],
277 silly audit   '@types/d3-ease': [ '3.0.2' ],
277 silly audit   '@types/d3-interpolate': [ '3.0.4' ],
277 silly audit   '@types/d3-path': [ '3.1.1' ],
277 silly audit   '@types/d3-scale': [ '4.0.9' ],
277 silly audit   '@types/d3-shape': [ '3.1.7' ],
277 silly audit   '@types/d3-time': [ '3.0.4' ],
277 silly audit   '@types/d3-timer': [ '3.0.2' ],
277 silly audit   '@types/deep-eql': [ '4.0.2' ],
277 silly audit   '@types/estree': [ '1.0.8' ],
277 silly audit   '@types/geojson': [ '7946.0.16' ],
277 silly audit   '@types/leaflet': [ '1.9.19' ],
277 silly audit   '@types/node': [ '24.0.10' ],
277 silly audit   '@types/phoenix': [ '1.6.6' ],
277 silly audit   '@types/raf': [ '3.4.3' ],
277 silly audit   '@types/trusted-types': [ '2.0.7' ],
277 silly audit   '@types/use-sync-external-store': [ '0.0.6' ],
277 silly audit   '@types/ws': [ '8.18.1' ],
277 silly audit   '@vitest/expect': [ '3.2.4' ],
277 silly audit   '@vitest/mocker': [ '3.2.4' ],
277 silly audit   '@vitest/pretty-format': [ '3.2.4' ],
277 silly audit   '@vitest/runner': [ '3.2.4' ],
277 silly audit   '@vitest/snapshot': [ '3.2.4' ],
277 silly audit   '@vitest/spy': [ '3.2.4' ],
277 silly audit   '@vitest/ui': [ '3.2.4' ],
277 silly audit   '@vitest/utils': [ '3.2.4' ],
277 silly audit   accepts: [ '2.0.0' ],
277 silly audit   'adler-32': [ '1.3.1' ],
277 silly audit   'agent-base': [ '7.1.3' ],
277 silly audit   'ansi-regex': [ '5.0.1' ],
277 silly audit   'ansi-styles': [ '4.3.0', '5.2.0' ],
277 silly audit   'aria-query': [ '5.3.0' ],
277 silly audit   'assertion-error': [ '2.0.1' ],
277 silly audit   atob: [ '2.1.2' ],
277 silly audit   'base64-arraybuffer': [ '1.0.2' ],
277 silly audit   'body-parser': [ '2.2.0' ],
277 silly audit   btoa: [ '1.2.1' ],
277 silly audit   bytes: [ '3.1.2' ],
277 silly audit   cac: [ '6.7.14' ],
277 silly audit   'call-bind-apply-helpers': [ '1.0.2' ],
277 silly audit   'call-bound': [ '1.0.4' ],
277 silly audit   canvg: [ '3.0.11' ],
277 silly audit   cfb: [ '1.2.2' ],
277 silly audit   chai: [ '5.2.0' ],
277 silly audit   'check-error': [ '2.1.1' ],
277 silly audit   chownr: [ '3.0.0' ],
277 silly audit   clsx: [ '2.1.1' ],
277 silly audit   'cluster-key-slot': [ '1.1.2' ],
277 silly audit   codepage: [ '1.15.0' ],
277 silly audit   'color-convert': [ '2.0.1' ],
277 silly audit   'color-name': [ '1.1.4' ],
277 silly audit   'content-disposition': [ '1.0.0' ],
277 silly audit   'content-type': [ '1.0.5' ],
277 silly audit   cookie: [ '1.0.2', '0.7.2' ],
277 silly audit   'cookie-signature': [ '1.2.2' ],
277 silly audit   'core-js': [ '3.43.0' ],
277 silly audit   cors: [ '2.8.5' ],
277 silly audit   'crc-32': [ '1.2.2' ],
277 silly audit   'css-line-break': [ '2.1.0' ],
277 silly audit   'css.escape': [ '1.5.1' ],
277 silly audit   cssstyle: [ '4.6.0' ],
277 silly audit   'd3-array': [ '3.2.4' ],
277 silly audit   'd3-color': [ '3.1.0' ],
277 silly audit   'd3-ease': [ '3.0.1' ],
277 silly audit   'd3-format': [ '3.1.0' ],
277 silly audit   'd3-interpolate': [ '3.0.1' ],
277 silly audit   'd3-path': [ '3.1.0' ],
277 silly audit   'd3-scale': [ '4.0.2' ],
277 silly audit   'd3-shape': [ '3.2.0' ],
277 silly audit   'd3-time': [ '3.1.0' ],
277 silly audit   'd3-time-format': [ '4.1.0' ],
277 silly audit   'd3-timer': [ '3.0.1' ],
277 silly audit   'data-urls': [ '5.0.0' ],
277 silly audit   tr46: [ '5.1.1', '0.0.3' ],
277 silly audit   'webidl-conversions': [ '7.0.0', '3.0.1' ],
277 silly audit   'whatwg-url': [ '14.2.0', '5.0.0' ],
277 silly audit   'date-fns': [ '4.1.0' ],
277 silly audit   debug: [ '4.4.1' ],
277 silly audit   'decimal.js': [ '10.5.0' ],
277 silly audit   'decimal.js-light': [ '2.5.1' ],
277 silly audit   'deep-eql': [ '5.0.2' ],
277 silly audit   depd: [ '2.0.0' ],
277 silly audit   dequal: [ '2.0.3' ],
277 silly audit   'detect-libc': [ '2.0.4' ],
277 silly audit   dompurify: [ '3.2.6' ],
277 silly audit   dotenv: [ '17.0.1' ],
277 silly audit   'dunder-proto': [ '1.0.1' ],
277 silly audit   'ee-first': [ '1.1.1' ],
277 silly audit   encodeurl: [ '2.0.0' ],
277 silly audit   'enhanced-resolve': [ '5.18.2' ],
277 silly audit   entities: [ '6.0.1' ],
277 silly audit   'es-define-property': [ '1.0.1' ],
277 silly audit   'es-errors': [ '1.3.0' ],
277 silly audit   'es-module-lexer': [ '1.7.0' ],
277 silly audit   'es-object-atoms': [ '1.1.1' ],
277 silly audit   'es-toolkit': [ '1.39.6' ],
277 silly audit   esbuild: [ '0.25.5' ],
277 silly audit   'escape-html': [ '1.0.3' ],
277 silly audit   'estree-walker': [ '3.0.3' ],
277 silly audit   etag: [ '1.8.1' ],
277 silly audit   eventemitter3: [ '5.0.1' ],
277 silly audit   'expect-type': [ '1.2.2' ],
277 silly audit   express: [ '5.1.0' ],
277 silly audit   fdir: [ '6.4.6' ],
277 silly audit   fflate: [ '0.8.2' ],
277 silly audit   finalhandler: [ '2.1.0' ],
277 silly audit   flatted: [ '3.3.3' ],
277 silly audit   forwarded: [ '0.2.0' ],
277 silly audit   frac: [ '1.1.2' ],
277 silly audit   fresh: [ '2.0.0' ],
277 silly audit   fsevents: [ '2.3.3' ],
277 silly audit   'function-bind': [ '1.1.2' ],
277 silly audit   'get-intrinsic': [ '1.3.0' ],
277 silly audit   'get-proto': [ '1.0.1' ],
277 silly audit   gopd: [ '1.2.0' ],
277 silly audit   'graceful-fs': [ '4.2.11' ],
277 silly audit   'has-flag': [ '4.0.0' ],
277 silly audit   'has-symbols': [ '1.1.0' ],
277 silly audit   hasown: [ '2.0.2' ],
277 silly audit   'html-encoding-sniffer': [ '4.0.0' ],
277 silly audit   html2canvas: [ '1.4.1' ],
277 silly audit   'http-errors': [ '2.0.0' ],
277 silly audit   statuses: [ '2.0.1', '2.0.2' ],
277 silly audit   'http-proxy-agent': [ '7.0.2' ],
277 silly audit   'https-proxy-agent': [ '7.0.6' ],
277 silly audit   'iconv-lite': [ '0.6.3' ],
277 silly audit   immer: [ '10.1.1' ],
277 silly audit   'indent-string': [ '4.0.0' ],
277 silly audit   inherits: [ '2.0.4' ],
277 silly audit   internmap: [ '2.0.3' ],
277 silly audit   'ipaddr.js': [ '1.9.1' ],
277 silly audit   'is-potential-custom-element-name': [ '1.0.1' ],
277 silly audit   'is-promise': [ '4.0.0' ],
277 silly audit   isows: [ '1.0.7' ],
277 silly audit   jiti: [ '2.4.2' ],
277 silly audit   'js-tokens': [ '4.0.0', '9.0.1' ],
277 silly audit   jsdom: [ '26.1.0' ],
277 silly audit   jspdf: [ '3.0.1' ],
277 silly audit   leaflet: [ '1.9.4' ],
277 silly audit   lightningcss: [ '1.30.1' ],
277 silly audit   'lightningcss-darwin-arm64': [ '1.30.1' ],
277 silly audit   'lightningcss-darwin-x64': [ '1.30.1' ],
277 silly audit   'lightningcss-freebsd-x64': [ '1.30.1' ],
277 silly audit   'lightningcss-linux-arm-gnueabihf': [ '1.30.1' ],
277 silly audit   'lightningcss-linux-arm64-gnu': [ '1.30.1' ],
277 silly audit   'lightningcss-linux-arm64-musl': [ '1.30.1' ],
277 silly audit   'lightningcss-linux-x64-gnu': [ '1.30.1' ],
277 silly audit   'lightningcss-linux-x64-musl': [ '1.30.1' ],
277 silly audit   'lightningcss-win32-arm64-msvc': [ '1.30.1' ],
277 silly audit   'lightningcss-win32-x64-msvc': [ '1.30.1' ],
277 silly audit   lodash: [ '4.17.21' ],
277 silly audit   loupe: [ '3.1.4' ],
277 silly audit   'lru-cache': [ '10.4.3', '5.1.1' ],
277 silly audit   'lz-string': [ '1.5.0' ],
277 silly audit   'magic-string': [ '0.30.17' ],
277 silly audit   'math-intrinsics': [ '1.1.0' ],
277 silly audit   'media-typer': [ '1.1.0' ],
277 silly audit   'merge-descriptors': [ '2.0.0' ],
277 silly audit   'mime-db': [ '1.54.0' ],
277 silly audit   'mime-types': [ '3.0.1' ],
277 silly audit   'min-indent': [ '1.0.1' ],
277 silly audit   minipass: [ '7.1.2' ],
277 silly audit   minizlib: [ '3.0.2' ],
277 silly audit   mkdirp: [ '3.0.1' ],
277 silly audit   mrmime: [ '2.0.1' ],
277 silly audit   ms: [ '2.1.3' ],
277 silly audit   nanoid: [ '3.3.11' ],
277 silly audit   negotiator: [ '1.0.0' ],
277 silly audit   nwsapi: [ '2.2.20' ],
277 silly audit   'object-assign': [ '4.1.1' ],
277 silly audit   'object-inspect': [ '1.13.4' ],
277 silly audit   'on-finished': [ '2.4.1' ],
277 silly audit   once: [ '1.4.0' ],
277 silly audit   papaparse: [ '5.5.3' ],
277 silly audit   parse5: [ '7.3.0' ],
277 silly audit   parseurl: [ '1.3.3' ],
277 silly audit   'path-to-regexp': [ '8.2.0' ],
277 silly audit   pathe: [ '2.0.3' ],
277 silly audit   pathval: [ '2.0.1' ],
277 silly audit   'performance-now': [ '2.1.0' ],
277 silly audit   picocolors: [ '1.1.1' ],
277 silly audit   picomatch: [ '4.0.2' ],
277 silly audit   postcss: [ '8.5.6' ],
277 silly audit   'pretty-format': [ '27.5.1' ],
277 silly audit   'react-is': [ '17.0.2', '19.1.0' ],
277 silly audit   'proxy-addr': [ '2.0.7' ],
277 silly audit   punycode: [ '2.3.1' ],
277 silly audit   qs: [ '6.14.0' ],
277 silly audit   raf: [ '3.4.1' ],
277 silly audit   'range-parser': [ '1.2.1' ],
277 silly audit   'raw-body': [ '3.0.0' ],
277 silly audit   react: [ '19.1.0' ],
277 silly audit   'react-datepicker': [ '8.4.0' ],
277 silly audit   'react-dom': [ '19.1.0' ],
277 silly audit   'react-leaflet': [ '5.0.0' ],
277 silly audit   'react-redux': [ '9.2.0' ],
277 silly audit   'react-router': [ '7.6.3' ],
277 silly audit   'react-router-dom': [ '7.6.3' ],
277 silly audit   recharts: [ '3.0.2' ],
277 silly audit   redent: [ '3.0.0' ],
277 silly audit   redis: [ '5.5.6' ],
277 silly audit   redux: [ '5.0.1' ],
277 silly audit   'redux-thunk': [ '3.1.0' ],
277 silly audit   'regenerator-runtime': [ '0.13.11' ],
277 silly audit   reselect: [ '5.1.1' ],
277 silly audit   rgbcolor: [ '1.0.1' ],
277 silly audit   rollup: [ '4.44.2' ],
277 silly audit   router: [ '2.2.0' ],
277 silly audit   'rrweb-cssom': [ '0.8.0' ],
277 silly audit   'safe-buffer': [ '5.2.1' ],
277 silly audit   'safer-buffer': [ '2.1.2' ],
277 silly audit   saxes: [ '6.0.0' ],
277 silly audit   scheduler: [ '0.26.0' ],
277 silly audit   send: [ '1.2.0' ],
277 silly audit   'serve-static': [ '2.2.0' ],
277 silly audit   'set-cookie-parser': [ '2.7.1' ],
277 silly audit   setprototypeof: [ '1.2.0' ],
277 silly audit   'side-channel': [ '1.1.0' ],
277 silly audit   'side-channel-list': [ '1.0.0' ],
277 silly audit   'side-channel-map': [ '1.0.1' ],
277 silly audit   'side-channel-weakmap': [ '1.0.2' ],
277 silly audit   siginfo: [ '2.0.0' ],
277 silly audit   sirv: [ '3.0.1' ],
277 silly audit   'source-map-js': [ '1.2.1' ],
277 silly audit   ssf: [ '0.11.2' ],
277 silly audit   stackback: [ '0.0.2' ],
277 silly audit   'stackblur-canvas': [ '2.7.0' ],
277 silly audit   'std-env': [ '3.9.0' ],
277 silly audit   'strip-indent': [ '3.0.0' ],
277 silly audit   'strip-literal': [ '3.0.0' ],
277 silly audit   'supports-color': [ '7.2.0' ],
277 silly audit   'svg-pathdata': [ '6.0.3' ],
277 silly audit   'symbol-tree': [ '3.2.4' ],
277 silly audit   tabbable: [ '6.2.0' ],
277 silly audit   tailwindcss: [ '4.1.11' ],
277 silly audit   tapable: [ '2.2.2' ],
277 silly audit   tar: [ '7.4.3' ],
277 silly audit   'text-segmentation': [ '1.0.3' ],
277 silly audit   'tiny-invariant': [ '1.3.3' ],
277 silly audit   tinybench: [ '2.9.0' ],
277 silly audit   tinyexec: [ '0.3.2' ],
277 silly audit   tinyglobby: [ '0.2.14' ],
277 silly audit   tinypool: [ '1.1.1' ],
277 silly audit   tinyrainbow: [ '2.0.0' ],
277 silly audit   tinyspy: [ '4.0.3' ],
277 silly audit   tldts: [ '6.1.86' ],
277 silly audit   'tldts-core': [ '6.1.86' ],
277 silly audit   toidentifier: [ '1.0.1' ],
277 silly audit   totalist: [ '3.0.1' ],
277 silly audit   'tough-cookie': [ '5.1.2' ],
277 silly audit   'type-is': [ '2.0.1' ],
277 silly audit   'undici-types': [ '7.8.0' ],
277 silly audit   unpipe: [ '1.0.0' ],
277 silly audit   'use-sync-external-store': [ '1.5.0' ],
277 silly audit   utrie: [ '1.0.2' ],
277 silly audit   vary: [ '1.1.2' ],
277 silly audit   'victory-vendor': [ '37.3.6' ],
277 silly audit   'vite-node': [ '3.2.4' ],
277 silly audit   vitest: [ '3.2.4' ],
277 silly audit   'w3c-xmlserializer': [ '5.0.0' ],
277 silly audit   'whatwg-encoding': [ '3.1.1' ],
277 silly audit   'whatwg-mimetype': [ '4.0.0' ],
277 silly audit   'why-is-node-running': [ '2.3.0' ],
277 silly audit   wmf: [ '1.0.2' ],
277 silly audit   word: [ '0.3.0' ],
277 silly audit   wrappy: [ '1.0.2' ],
277 silly audit   ws: [ '8.18.3' ],
277 silly audit   xlsx: [ '0.18.5' ],
277 silly audit   'xml-name-validator': [ '5.0.0' ],
277 silly audit   xmlchars: [ '2.2.0' ],
277 silly audit   yallist: [ '5.0.0', '3.1.1' ],
277 silly audit   '@vitejs/plugin-react': [ '4.6.0' ],
277 silly audit   vite: [ '7.0.2' ],
277 silly audit   '@babel/core': [ '7.28.0' ],
277 silly audit   '@babel/plugin-transform-react-jsx-self': [ '7.27.1' ],
277 silly audit   '@babel/plugin-transform-react-jsx-source': [ '7.27.1' ],
277 silly audit   '@rolldown/pluginutils': [ '1.0.0-beta.19' ],
277 silly audit   '@types/babel__core': [ '7.20.5' ],
277 silly audit   'react-refresh': [ '0.17.0' ],
277 silly audit   '@babel/generator': [ '7.28.0' ],
277 silly audit   '@babel/helper-compilation-targets': [ '7.27.2' ],
277 silly audit   '@babel/helper-module-transforms': [ '7.27.3' ],
277 silly audit   '@babel/helpers': [ '7.27.6' ],
277 silly audit   '@babel/parser': [ '7.28.0' ],
277 silly audit   '@babel/template': [ '7.27.2' ],
277 silly audit   '@babel/traverse': [ '7.28.0' ],
277 silly audit   '@babel/types': [ '7.28.0' ],
277 silly audit   'convert-source-map': [ '2.0.0' ],
277 silly audit   gensync: [ '1.0.0-beta.2' ],
277 silly audit   json5: [ '2.2.3' ],
277 silly audit   semver: [ '6.3.1' ],
277 silly audit   jsesc: [ '3.1.0' ],
277 silly audit   '@babel/compat-data': [ '7.28.0' ],
277 silly audit   '@babel/helper-validator-option': [ '7.27.1' ],
277 silly audit   browserslist: [ '4.25.1' ],
277 silly audit   '@babel/helper-module-imports': [ '7.27.1' ],
277 silly audit   '@babel/helper-plugin-utils': [ '7.27.1' ],
277 silly audit   '@babel/helper-globals': [ '7.28.0' ],
277 silly audit   '@babel/helper-string-parser': [ '7.27.1' ],
277 silly audit   '@types/babel__generator': [ '7.27.0' ],
277 silly audit   '@types/babel__template': [ '7.4.4' ],
277 silly audit   '@types/babel__traverse': [ '7.20.7' ],
277 silly audit   'caniuse-lite': [ '1.0.30001726' ],
277 silly audit   'electron-to-chromium': [ '1.5.179' ],
277 silly audit   'node-releases': [ '2.0.19' ],
277 silly audit   'update-browserslist-db': [ '1.1.3' ],
277 silly audit   escalade: [ '3.2.0' ],
277 silly audit   '@tailwindcss/oxide-wasm32-wasi': [ '4.1.11' ]
277 silly audit }
278 verbose reify failed optional dependency /home/agoraelectoral/node_modules/lightningcss-win32-x64-msvc
279 silly reify mark deleted [ '/home/agoraelectoral/node_modules/lightningcss-win32-x64-msvc' ]
280 verbose reify failed optional dependency /home/agoraelectoral/node_modules/lightningcss-win32-arm64-msvc
281 silly reify mark deleted [ '/home/agoraelectoral/node_modules/lightningcss-win32-arm64-msvc' ]
282 verbose reify failed optional dependency /home/agoraelectoral/node_modules/lightningcss-linux-arm64-musl
283 silly reify mark deleted [ '/home/agoraelectoral/node_modules/lightningcss-linux-arm64-musl' ]
284 verbose reify failed optional dependency /home/agoraelectoral/node_modules/lightningcss-linux-arm64-gnu
285 silly reify mark deleted [ '/home/agoraelectoral/node_modules/lightningcss-linux-arm64-gnu' ]
286 verbose reify failed optional dependency /home/agoraelectoral/node_modules/lightningcss-linux-arm-gnueabihf
287 silly reify mark deleted [
287 silly reify   '/home/agoraelectoral/node_modules/lightningcss-linux-arm-gnueabihf'
287 silly reify ]
288 verbose reify failed optional dependency /home/agoraelectoral/node_modules/lightningcss-freebsd-x64
289 silly reify mark deleted [ '/home/agoraelectoral/node_modules/lightningcss-freebsd-x64' ]
290 verbose reify failed optional dependency /home/agoraelectoral/node_modules/lightningcss-darwin-x64
291 silly reify mark deleted [ '/home/agoraelectoral/node_modules/lightningcss-darwin-x64' ]
292 verbose reify failed optional dependency /home/agoraelectoral/node_modules/lightningcss-darwin-arm64
293 silly reify mark deleted [ '/home/agoraelectoral/node_modules/lightningcss-darwin-arm64' ]
294 verbose reify failed optional dependency /home/agoraelectoral/node_modules/fsevents
295 silly reify mark deleted [ '/home/agoraelectoral/node_modules/fsevents' ]
296 verbose reify failed optional dependency /home/agoraelectoral/node_modules/@tailwindcss/oxide-win32-x64-msvc
297 silly reify mark deleted [
297 silly reify   '/home/agoraelectoral/node_modules/@tailwindcss/oxide-win32-x64-msvc'
297 silly reify ]
298 verbose reify failed optional dependency /home/agoraelectoral/node_modules/@tailwindcss/oxide-win32-arm64-msvc
299 silly reify mark deleted [
299 silly reify   '/home/agoraelectoral/node_modules/@tailwindcss/oxide-win32-arm64-msvc'
299 silly reify ]
300 verbose reify failed optional dependency /home/agoraelectoral/node_modules/@tailwindcss/oxide-linux-arm64-musl
301 silly reify mark deleted [
301 silly reify   '/home/agoraelectoral/node_modules/@tailwindcss/oxide-linux-arm64-musl'
301 silly reify ]
302 verbose reify failed optional dependency /home/agoraelectoral/node_modules/@tailwindcss/oxide-linux-arm64-gnu
303 silly reify mark deleted [
303 silly reify   '/home/agoraelectoral/node_modules/@tailwindcss/oxide-linux-arm64-gnu'
303 silly reify ]
304 verbose reify failed optional dependency /home/agoraelectoral/node_modules/@tailwindcss/oxide-linux-arm-gnueabihf
305 silly reify mark deleted [
305 silly reify   '/home/agoraelectoral/node_modules/@tailwindcss/oxide-linux-arm-gnueabihf'
305 silly reify ]
306 verbose reify failed optional dependency /home/agoraelectoral/node_modules/@tailwindcss/oxide-freebsd-x64
307 silly reify mark deleted [ '/home/agoraelectoral/node_modules/@tailwindcss/oxide-freebsd-x64' ]
308 verbose reify failed optional dependency /home/agoraelectoral/node_modules/@tailwindcss/oxide-darwin-x64
309 silly reify mark deleted [ '/home/agoraelectoral/node_modules/@tailwindcss/oxide-darwin-x64' ]
310 verbose reify failed optional dependency /home/agoraelectoral/node_modules/@tailwindcss/oxide-darwin-arm64
311 silly reify mark deleted [ '/home/agoraelectoral/node_modules/@tailwindcss/oxide-darwin-arm64' ]
312 verbose reify failed optional dependency /home/agoraelectoral/node_modules/@tailwindcss/oxide-android-arm64
313 silly reify mark deleted [
313 silly reify   '/home/agoraelectoral/node_modules/@tailwindcss/oxide-android-arm64'
313 silly reify ]
314 verbose reify failed optional dependency /home/agoraelectoral/node_modules/@rollup/rollup-win32-x64-msvc
315 silly reify mark deleted [ '/home/agoraelectoral/node_modules/@rollup/rollup-win32-x64-msvc' ]
316 verbose reify failed optional dependency /home/agoraelectoral/node_modules/@rollup/rollup-win32-ia32-msvc
317 silly reify mark deleted [ '/home/agoraelectoral/node_modules/@rollup/rollup-win32-ia32-msvc' ]
318 verbose reify failed optional dependency /home/agoraelectoral/node_modules/@rollup/rollup-win32-arm64-msvc
319 silly reify mark deleted [ '/home/agoraelectoral/node_modules/@rollup/rollup-win32-arm64-msvc' ]
320 verbose reify failed optional dependency /home/agoraelectoral/node_modules/@rollup/rollup-linux-s390x-gnu
321 silly reify mark deleted [ '/home/agoraelectoral/node_modules/@rollup/rollup-linux-s390x-gnu' ]
322 verbose reify failed optional dependency /home/agoraelectoral/node_modules/@rollup/rollup-linux-riscv64-musl
323 silly reify mark deleted [
323 silly reify   '/home/agoraelectoral/node_modules/@rollup/rollup-linux-riscv64-musl'
323 silly reify ]
324 verbose reify failed optional dependency /home/agoraelectoral/node_modules/@rollup/rollup-linux-riscv64-gnu
325 silly reify mark deleted [
325 silly reify   '/home/agoraelectoral/node_modules/@rollup/rollup-linux-riscv64-gnu'
325 silly reify ]
326 verbose reify failed optional dependency /home/agoraelectoral/node_modules/@rollup/rollup-linux-powerpc64le-gnu
327 silly reify mark deleted [
327 silly reify   '/home/agoraelectoral/node_modules/@rollup/rollup-linux-powerpc64le-gnu'
327 silly reify ]
328 verbose reify failed optional dependency /home/agoraelectoral/node_modules/@rollup/rollup-linux-loongarch64-gnu
329 silly reify mark deleted [
329 silly reify   '/home/agoraelectoral/node_modules/@rollup/rollup-linux-loongarch64-gnu'
329 silly reify ]
330 verbose reify failed optional dependency /home/agoraelectoral/node_modules/@rollup/rollup-linux-arm64-musl
331 silly reify mark deleted [ '/home/agoraelectoral/node_modules/@rollup/rollup-linux-arm64-musl' ]
332 verbose reify failed optional dependency /home/agoraelectoral/node_modules/@rollup/rollup-linux-arm64-gnu
333 silly reify mark deleted [ '/home/agoraelectoral/node_modules/@rollup/rollup-linux-arm64-gnu' ]
334 verbose reify failed optional dependency /home/agoraelectoral/node_modules/@rollup/rollup-linux-arm-musleabihf
335 silly reify mark deleted [
335 silly reify   '/home/agoraelectoral/node_modules/@rollup/rollup-linux-arm-musleabihf'
335 silly reify ]
336 verbose reify failed optional dependency /home/agoraelectoral/node_modules/@rollup/rollup-linux-arm-gnueabihf
337 silly reify mark deleted [
337 silly reify   '/home/agoraelectoral/node_modules/@rollup/rollup-linux-arm-gnueabihf'
337 silly reify ]
338 verbose reify failed optional dependency /home/agoraelectoral/node_modules/@rollup/rollup-freebsd-x64
339 silly reify mark deleted [ '/home/agoraelectoral/node_modules/@rollup/rollup-freebsd-x64' ]
340 verbose reify failed optional dependency /home/agoraelectoral/node_modules/@rollup/rollup-freebsd-arm64
341 silly reify mark deleted [ '/home/agoraelectoral/node_modules/@rollup/rollup-freebsd-arm64' ]
342 verbose reify failed optional dependency /home/agoraelectoral/node_modules/@rollup/rollup-darwin-x64
343 silly reify mark deleted [ '/home/agoraelectoral/node_modules/@rollup/rollup-darwin-x64' ]
344 verbose reify failed optional dependency /home/agoraelectoral/node_modules/@rollup/rollup-darwin-arm64
345 silly reify mark deleted [ '/home/agoraelectoral/node_modules/@rollup/rollup-darwin-arm64' ]
346 verbose reify failed optional dependency /home/agoraelectoral/node_modules/@rollup/rollup-android-arm64
347 silly reify mark deleted [ '/home/agoraelectoral/node_modules/@rollup/rollup-android-arm64' ]
348 verbose reify failed optional dependency /home/agoraelectoral/node_modules/@rollup/rollup-android-arm-eabi
349 silly reify mark deleted [ '/home/agoraelectoral/node_modules/@rollup/rollup-android-arm-eabi' ]
350 verbose reify failed optional dependency /home/agoraelectoral/node_modules/@esbuild/win32-x64
351 silly reify mark deleted [ '/home/agoraelectoral/node_modules/@esbuild/win32-x64' ]
352 verbose reify failed optional dependency /home/agoraelectoral/node_modules/@esbuild/win32-ia32
353 silly reify mark deleted [ '/home/agoraelectoral/node_modules/@esbuild/win32-ia32' ]
354 verbose reify failed optional dependency /home/agoraelectoral/node_modules/@esbuild/win32-arm64
355 silly reify mark deleted [ '/home/agoraelectoral/node_modules/@esbuild/win32-arm64' ]
356 verbose reify failed optional dependency /home/agoraelectoral/node_modules/@esbuild/sunos-x64
357 silly reify mark deleted [ '/home/agoraelectoral/node_modules/@esbuild/sunos-x64' ]
358 verbose reify failed optional dependency /home/agoraelectoral/node_modules/@esbuild/openbsd-x64
359 silly reify mark deleted [ '/home/agoraelectoral/node_modules/@esbuild/openbsd-x64' ]
360 verbose reify failed optional dependency /home/agoraelectoral/node_modules/@esbuild/openbsd-arm64
361 silly reify mark deleted [ '/home/agoraelectoral/node_modules/@esbuild/openbsd-arm64' ]
362 verbose reify failed optional dependency /home/agoraelectoral/node_modules/@esbuild/netbsd-x64
363 silly reify mark deleted [ '/home/agoraelectoral/node_modules/@esbuild/netbsd-x64' ]
364 verbose reify failed optional dependency /home/agoraelectoral/node_modules/@esbuild/netbsd-arm64
365 silly reify mark deleted [ '/home/agoraelectoral/node_modules/@esbuild/netbsd-arm64' ]
366 verbose reify failed optional dependency /home/agoraelectoral/node_modules/@esbuild/linux-s390x
367 silly reify mark deleted [ '/home/agoraelectoral/node_modules/@esbuild/linux-s390x' ]
368 verbose reify failed optional dependency /home/agoraelectoral/node_modules/@esbuild/linux-riscv64
369 silly reify mark deleted [ '/home/agoraelectoral/node_modules/@esbuild/linux-riscv64' ]
370 verbose reify failed optional dependency /home/agoraelectoral/node_modules/@esbuild/linux-ppc64
371 silly reify mark deleted [ '/home/agoraelectoral/node_modules/@esbuild/linux-ppc64' ]
372 verbose reify failed optional dependency /home/agoraelectoral/node_modules/@esbuild/linux-mips64el
373 silly reify mark deleted [ '/home/agoraelectoral/node_modules/@esbuild/linux-mips64el' ]
374 verbose reify failed optional dependency /home/agoraelectoral/node_modules/@esbuild/linux-loong64
375 silly reify mark deleted [ '/home/agoraelectoral/node_modules/@esbuild/linux-loong64' ]
376 verbose reify failed optional dependency /home/agoraelectoral/node_modules/@esbuild/linux-ia32
377 silly reify mark deleted [ '/home/agoraelectoral/node_modules/@esbuild/linux-ia32' ]
378 verbose reify failed optional dependency /home/agoraelectoral/node_modules/@esbuild/linux-arm64
379 silly reify mark deleted [ '/home/agoraelectoral/node_modules/@esbuild/linux-arm64' ]
380 verbose reify failed optional dependency /home/agoraelectoral/node_modules/@esbuild/linux-arm
381 silly reify mark deleted [ '/home/agoraelectoral/node_modules/@esbuild/linux-arm' ]
382 verbose reify failed optional dependency /home/agoraelectoral/node_modules/@esbuild/freebsd-x64
383 silly reify mark deleted [ '/home/agoraelectoral/node_modules/@esbuild/freebsd-x64' ]
384 verbose reify failed optional dependency /home/agoraelectoral/node_modules/@esbuild/freebsd-arm64
385 silly reify mark deleted [ '/home/agoraelectoral/node_modules/@esbuild/freebsd-arm64' ]
386 verbose reify failed optional dependency /home/agoraelectoral/node_modules/@esbuild/darwin-x64
387 silly reify mark deleted [ '/home/agoraelectoral/node_modules/@esbuild/darwin-x64' ]
388 verbose reify failed optional dependency /home/agoraelectoral/node_modules/@esbuild/darwin-arm64
389 silly reify mark deleted [ '/home/agoraelectoral/node_modules/@esbuild/darwin-arm64' ]
390 verbose reify failed optional dependency /home/agoraelectoral/node_modules/@esbuild/android-x64
391 silly reify mark deleted [ '/home/agoraelectoral/node_modules/@esbuild/android-x64' ]
392 verbose reify failed optional dependency /home/agoraelectoral/node_modules/@esbuild/android-arm64
393 silly reify mark deleted [ '/home/agoraelectoral/node_modules/@esbuild/android-arm64' ]
394 verbose reify failed optional dependency /home/agoraelectoral/node_modules/@esbuild/android-arm
395 silly reify mark deleted [ '/home/agoraelectoral/node_modules/@esbuild/android-arm' ]
396 verbose reify failed optional dependency /home/agoraelectoral/node_modules/@esbuild/aix-ppc64
397 silly reify mark deleted [ '/home/agoraelectoral/node_modules/@esbuild/aix-ppc64' ]
398 http fetch POST 200 https://registry.npmjs.org/-/npm/v1/security/advisories/bulk 612ms
399 silly audit report {
399 silly audit report   xlsx: [
399 silly audit report     {
399 silly audit report       id: 1094599,
399 silly audit report       url: 'https://github.com/advisories/GHSA-4r6h-8v6p-xvw6',
399 silly audit report       title: 'Prototype Pollution in sheetJS',
399 silly audit report       severity: 'high',
399 silly audit report       vulnerable_versions: '<0.19.3',
399 silly audit report       cwe: [Array],
399 silly audit report       cvss: [Object]
399 silly audit report     },
399 silly audit report     {
399 silly audit report       id: 1096911,
399 silly audit report       url: 'https://github.com/advisories/GHSA-5pgg-2g8v-p4x9',
399 silly audit report       title: 'SheetJS Regular Expression Denial of Service (ReDoS)',
399 silly audit report       severity: 'high',
399 silly audit report       vulnerable_versions: '<0.20.2',
399 silly audit report       cwe: [Array],
399 silly audit report       cvss: [Object]
399 silly audit report     }
399 silly audit report   ]
399 silly audit report }
400 silly packumentCache corgi:https://registry.npmjs.org/xlsx cache-miss
401 http fetch GET 200 https://registry.npmjs.org/xlsx 324ms (cache hit)
402 silly packumentCache corgi:https://registry.npmjs.org/xlsx set size:134408 disposed:false
403 silly ADD node_modules/escalade
404 silly ADD node_modules/update-browserslist-db
405 silly ADD node_modules/node-releases
406 silly ADD node_modules/electron-to-chromium
407 silly ADD node_modules/caniuse-lite
408 silly ADD node_modules/@types/babel__traverse
409 silly ADD node_modules/@types/babel__template
410 silly ADD node_modules/@types/babel__generator
411 silly ADD node_modules/@babel/helper-string-parser
412 silly ADD node_modules/@babel/helper-globals
413 silly ADD node_modules/@babel/helper-plugin-utils
414 silly ADD node_modules/@babel/helper-module-imports
415 silly ADD node_modules/browserslist
416 silly ADD node_modules/@babel/helper-validator-option
417 silly ADD node_modules/@babel/compat-data
418 silly ADD node_modules/jsesc
419 silly ADD node_modules/semver
420 silly ADD node_modules/json5
421 silly ADD node_modules/gensync
422 silly ADD node_modules/convert-source-map
423 silly ADD node_modules/@babel/types
424 silly ADD node_modules/@babel/traverse
425 silly ADD node_modules/@babel/template
426 silly ADD node_modules/@babel/parser
427 silly ADD node_modules/@babel/helpers
428 silly ADD node_modules/@babel/helper-module-transforms
429 silly ADD node_modules/@babel/helper-compilation-targets
430 silly ADD node_modules/@babel/helper-compilation-targets/node_modules/yallist
431 silly ADD node_modules/@babel/helper-compilation-targets/node_modules/lru-cache
432 silly ADD node_modules/@babel/generator
433 silly ADD node_modules/react-refresh
434 silly ADD node_modules/@types/babel__core
435 silly ADD node_modules/@rolldown/pluginutils
436 silly ADD node_modules/@babel/plugin-transform-react-jsx-source
437 silly ADD node_modules/@babel/plugin-transform-react-jsx-self
438 silly ADD node_modules/@babel/core
439 silly ADD node_modules/@vitejs/plugin-react
440 silly ADD
441 silly ADD
442 silly ADD
443 silly ADD
444 silly ADD
445 silly ADD
446 silly ADD
447 silly ADD
448 silly ADD
449 silly ADD
450 silly ADD
451 silly ADD
452 silly ADD
453 silly ADD
454 silly ADD
455 silly ADD
456 silly ADD
457 silly ADD
458 silly ADD
459 silly ADD
460 silly ADD
461 silly ADD
462 silly ADD node_modules/@rollup/rollup-linux-x64-musl
463 silly ADD
464 silly ADD
465 silly ADD
466 silly ADD
467 silly ADD
468 silly ADD
469 silly ADD
470 silly ADD
471 silly ADD
472 silly ADD
473 silly ADD
474 silly ADD
475 silly ADD
476 silly ADD
477 silly ADD
478 silly ADD
479 silly ADD
480 silly ADD
481 silly ADD
482 silly ADD
483 silly ADD
484 silly ADD
485 silly ADD
486 silly ADD
487 silly ADD
488 silly ADD
489 silly ADD
490 silly ADD
491 silly ADD
492 silly ADD
493 silly ADD
494 silly ADD
495 silly ADD
496 silly ADD
497 silly ADD
498 silly ADD
499 silly ADD
500 silly ADD
501 silly ADD
502 verbose cwd /home/agoraelectoral
503 verbose os Linux 6.6.87.2-microsoft-standard-WSL2
504 verbose node v20.19.3
505 verbose npm  v10.8.2
506 verbose exit 0
507 info ok
