0 verbose cli /home/agoraelectoral/.nvm/versions/node/v20.19.3/bin/node /home/agoraelectoral/.nvm/versions/node/v20.19.3/bin/npm
1 info using npm@10.8.2
2 info using node@v20.19.3
3 silly config load:file:/home/agoraelectoral/.nvm/versions/node/v20.19.3/lib/node_modules/npm/npmrc
4 silly config load:file:/home/agoraelectoral/.npmrc
5 silly config load:file:/home/agoraelectoral/.nvm/versions/node/v20.19.3/etc/npmrc
6 verbose title npm start
7 verbose argv "start"
8 verbose logfile logs-max:10 dir:/home/agoraelectoral/.npm/_logs/2025-07-06T01_14_50_684Z-
9 verbose logfile /home/agoraelectoral/.npm/_logs/2025-07-06T01_14_50_684Z-debug-0.log
10 silly logfile start cleaning logs, removing 1 files
11 silly logfile done cleaning log files
12 verbose stack Error: Missing script: "start"
12 verbose stack
12 verbose stack Did you mean one of these?
12 verbose stack   npm star # Mark your favorite packages
12 verbose stack   npm stars # View packages marked as favorites
12 verbose stack
12 verbose stack To see a list of scripts, run:
12 verbose stack   npm run
12 verbose stack     at #run (/home/agoraelectoral/.nvm/versions/node/v20.19.3/lib/node_modules/npm/lib/commands/run-script.js:110:13)
12 verbose stack     at async RunScript.exec (/home/agoraelectoral/.nvm/versions/node/v20.19.3/lib/node_modules/npm/lib/commands/run-script.js:39:7)
12 verbose stack     at async Npm.exec (/home/agoraelectoral/.nvm/versions/node/v20.19.3/lib/node_modules/npm/lib/npm.js:207:9)
12 verbose stack     at async module.exports (/home/agoraelectoral/.nvm/versions/node/v20.19.3/lib/node_modules/npm/lib/cli/entry.js:74:5)
13 error Missing script: "start"
13 error
13 error Did you mean one of these?
13 error   npm star # Mark your favorite packages
13 error   npm stars # View packages marked as favorites
13 error
13 error To see a list of scripts, run:
13 error   npm run
14 verbose cwd /home/agoraelectoral
15 verbose os Linux 6.6.87.2-microsoft-standard-WSL2
16 verbose node v20.19.3
17 verbose npm  v10.8.2
18 verbose exit 1
19 verbose code 1
20 error A complete log of this run can be found in: /home/agoraelectoral/.npm/_logs/2025-07-06T01_14_50_684Z-debug-0.log
