0 verbose cli /home/agoraelectoral/.nvm/versions/node/v20.19.3/bin/node /home/agoraelectoral/.nvm/versions/node/v20.19.3/bin/npm
1 info using npm@10.8.2
2 info using node@v20.19.3
3 silly config load:file:/home/agoraelectoral/.nvm/versions/node/v20.19.3/lib/node_modules/npm/npmrc
4 silly config load:file:/home/agoraelectoral/agoraelectoralaico/apk/frontend/client/.npmrc
5 silly config load:file:/home/agoraelectoral/.npmrc
6 silly config load:file:/home/agoraelectoral/.nvm/versions/node/v20.19.3/etc/npmrc
7 verbose title npm install
8 verbose argv "install"
9 verbose logfile logs-max:10 dir:/home/agoraelectoral/.npm/_logs/2025-07-06T01_22_03_782Z-
10 verbose logfile /home/agoraelectoral/.npm/_logs/2025-07-06T01_22_03_782Z-debug-0.log
11 silly packumentCache heap:2197815296 maxSize:549453824 maxEntrySize:274726912
12 silly logfile start cleaning logs, removing 1 files
13 silly logfile done cleaning log files
14 silly idealTree buildDeps
15 silly reify moves {}
16 verbose reify failed optional dependency /home/agoraelectoral/agoraelectoralaico/apk/frontend/client/node_modules/@tailwindcss/oxide-wasm32-wasi
17 silly reify mark deleted [
17 silly reify   '/home/agoraelectoral/agoraelectoralaico/apk/frontend/client/node_modules/@tailwindcss/oxide-wasm32-wasi'
17 silly reify ]
18 silly audit bulk request {
18 silly audit   '@alloc/quick-lru': [ '5.2.0' ],
18 silly audit   '@ampproject/remapping': [ '2.3.0' ],
18 silly audit   '@babel/code-frame': [ '7.27.1' ],
18 silly audit   '@babel/compat-data': [ '7.28.0' ],
18 silly audit   '@babel/core': [ '7.28.0' ],
18 silly audit   '@babel/generator': [ '7.28.0' ],
18 silly audit   '@babel/helper-compilation-targets': [ '7.27.2' ],
18 silly audit   '@babel/helper-globals': [ '7.28.0' ],
18 silly audit   '@babel/helper-module-imports': [ '7.27.1' ],
18 silly audit   '@babel/helper-module-transforms': [ '7.27.3' ],
18 silly audit   '@babel/helper-plugin-utils': [ '7.27.1' ],
18 silly audit   '@babel/helper-string-parser': [ '7.27.1' ],
18 silly audit   '@babel/helper-validator-identifier': [ '7.27.1' ],
18 silly audit   '@babel/helper-validator-option': [ '7.27.1' ],
18 silly audit   '@babel/helpers': [ '7.27.6' ],
18 silly audit   '@babel/parser': [ '7.28.0' ],
18 silly audit   '@babel/plugin-transform-react-jsx-self': [ '7.27.1' ],
18 silly audit   '@babel/plugin-transform-react-jsx-source': [ '7.27.1' ],
18 silly audit   '@babel/template': [ '7.27.2' ],
18 silly audit   '@babel/traverse': [ '7.28.0' ],
18 silly audit   '@babel/types': [ '7.28.0' ],
18 silly audit   '@esbuild/aix-ppc64': [ '0.25.5' ],
18 silly audit   '@esbuild/android-arm': [ '0.25.5' ],
18 silly audit   '@esbuild/android-arm64': [ '0.25.5' ],
18 silly audit   '@esbuild/android-x64': [ '0.25.5' ],
18 silly audit   '@esbuild/darwin-arm64': [ '0.25.5' ],
18 silly audit   '@esbuild/darwin-x64': [ '0.25.5' ],
18 silly audit   '@esbuild/freebsd-arm64': [ '0.25.5' ],
18 silly audit   '@esbuild/freebsd-x64': [ '0.25.5' ],
18 silly audit   '@esbuild/linux-arm': [ '0.25.5' ],
18 silly audit   '@esbuild/linux-arm64': [ '0.25.5' ],
18 silly audit   '@esbuild/linux-ia32': [ '0.25.5' ],
18 silly audit   '@esbuild/linux-loong64': [ '0.25.5' ],
18 silly audit   '@esbuild/linux-mips64el': [ '0.25.5' ],
18 silly audit   '@esbuild/linux-ppc64': [ '0.25.5' ],
18 silly audit   '@esbuild/linux-riscv64': [ '0.25.5' ],
18 silly audit   '@esbuild/linux-s390x': [ '0.25.5' ],
18 silly audit   '@esbuild/linux-x64': [ '0.25.5' ],
18 silly audit   '@esbuild/netbsd-arm64': [ '0.25.5' ],
18 silly audit   '@esbuild/netbsd-x64': [ '0.25.5' ],
18 silly audit   '@esbuild/openbsd-arm64': [ '0.25.5' ],
18 silly audit   '@esbuild/openbsd-x64': [ '0.25.5' ],
18 silly audit   '@esbuild/sunos-x64': [ '0.25.5' ],
18 silly audit   '@esbuild/win32-arm64': [ '0.25.5' ],
18 silly audit   '@esbuild/win32-ia32': [ '0.25.5' ],
18 silly audit   '@esbuild/win32-x64': [ '0.25.5' ],
18 silly audit   '@eslint-community/eslint-utils': [ '4.7.0' ],
18 silly audit   'eslint-visitor-keys': [ '3.4.3', '4.2.1' ],
18 silly audit   '@eslint-community/regexpp': [ '4.12.1' ],
18 silly audit   '@eslint/config-array': [ '0.21.0' ],
18 silly audit   '@eslint/config-helpers': [ '0.3.0' ],
18 silly audit   '@eslint/core': [ '0.14.0', '0.15.1' ],
18 silly audit   '@eslint/eslintrc': [ '3.3.1' ],
18 silly audit   globals: [ '14.0.0', '16.3.0' ],
18 silly audit   '@eslint/js': [ '9.30.1' ],
18 silly audit   '@eslint/object-schema': [ '2.1.6' ],
18 silly audit   '@eslint/plugin-kit': [ '0.3.3' ],
18 silly audit   '@humanfs/core': [ '0.19.1' ],
18 silly audit   '@humanfs/node': [ '0.16.6' ],
18 silly audit   '@humanwhocodes/retry': [ '0.3.1', '0.4.3' ],
18 silly audit   '@humanwhocodes/module-importer': [ '1.0.1' ],
18 silly audit   '@isaacs/fs-minipass': [ '4.0.1' ],
18 silly audit   '@jridgewell/gen-mapping': [ '0.3.12' ],
18 silly audit   '@jridgewell/resolve-uri': [ '3.1.2' ],
18 silly audit   '@jridgewell/sourcemap-codec': [ '1.5.4' ],
18 silly audit   '@jridgewell/trace-mapping': [ '0.3.29' ],
18 silly audit   '@nodelib/fs.scandir': [ '2.1.5' ],
18 silly audit   '@nodelib/fs.stat': [ '2.0.5' ],
18 silly audit   '@nodelib/fs.walk': [ '1.2.8' ],
18 silly audit   '@rolldown/pluginutils': [ '1.0.0-beta.19' ],
18 silly audit   '@rollup/rollup-android-arm-eabi': [ '4.44.2' ],
18 silly audit   '@rollup/rollup-android-arm64': [ '4.44.2' ],
18 silly audit   '@rollup/rollup-darwin-arm64': [ '4.44.2' ],
18 silly audit   '@rollup/rollup-darwin-x64': [ '4.44.2' ],
18 silly audit   '@rollup/rollup-freebsd-arm64': [ '4.44.2' ],
18 silly audit   '@rollup/rollup-freebsd-x64': [ '4.44.2' ],
18 silly audit   '@rollup/rollup-linux-arm-gnueabihf': [ '4.44.2' ],
18 silly audit   '@rollup/rollup-linux-arm-musleabihf': [ '4.44.2' ],
18 silly audit   '@rollup/rollup-linux-arm64-gnu': [ '4.44.2' ],
18 silly audit   '@rollup/rollup-linux-arm64-musl': [ '4.44.2' ],
18 silly audit   '@rollup/rollup-linux-loongarch64-gnu': [ '4.44.2' ],
18 silly audit   '@rollup/rollup-linux-powerpc64le-gnu': [ '4.44.2' ],
18 silly audit   '@rollup/rollup-linux-riscv64-gnu': [ '4.44.2' ],
18 silly audit   '@rollup/rollup-linux-riscv64-musl': [ '4.44.2' ],
18 silly audit   '@rollup/rollup-linux-s390x-gnu': [ '4.44.2' ],
18 silly audit   '@rollup/rollup-linux-x64-gnu': [ '4.44.2' ],
18 silly audit   '@rollup/rollup-linux-x64-musl': [ '4.44.2' ],
18 silly audit   '@rollup/rollup-win32-arm64-msvc': [ '4.44.2' ],
18 silly audit   '@rollup/rollup-win32-ia32-msvc': [ '4.44.2' ],
18 silly audit   '@rollup/rollup-win32-x64-msvc': [ '4.44.2' ],
18 silly audit   '@supabase/auth-js': [ '2.70.0' ],
18 silly audit   '@supabase/functions-js': [ '2.4.5' ],
18 silly audit   '@supabase/node-fetch': [ '2.6.15' ],
18 silly audit   '@supabase/postgrest-js': [ '1.19.4' ],
18 silly audit   '@supabase/realtime-js': [ '2.11.15' ],
18 silly audit   '@supabase/storage-js': [ '2.7.1' ],
18 silly audit   '@supabase/supabase-js': [ '2.50.3' ],
18 silly audit   '@tailwindcss/node': [ '4.1.11' ],
18 silly audit   '@tailwindcss/oxide': [ '4.1.11' ],
18 silly audit   '@tailwindcss/oxide-android-arm64': [ '4.1.11' ],
18 silly audit   '@tailwindcss/oxide-darwin-arm64': [ '4.1.11' ],
18 silly audit   '@tailwindcss/oxide-darwin-x64': [ '4.1.11' ],
18 silly audit   '@tailwindcss/oxide-freebsd-x64': [ '4.1.11' ],
18 silly audit   '@tailwindcss/oxide-linux-arm-gnueabihf': [ '4.1.11' ],
18 silly audit   '@tailwindcss/oxide-linux-arm64-gnu': [ '4.1.11' ],
18 silly audit   '@tailwindcss/oxide-linux-arm64-musl': [ '4.1.11' ],
18 silly audit   '@tailwindcss/oxide-linux-x64-gnu': [ '4.1.11' ],
18 silly audit   '@tailwindcss/oxide-linux-x64-musl': [ '4.1.11' ],
18 silly audit   '@tailwindcss/oxide-win32-arm64-msvc': [ '4.1.11' ],
18 silly audit   '@tailwindcss/oxide-win32-x64-msvc': [ '4.1.11' ],
18 silly audit   '@tailwindcss/postcss': [ '4.1.11' ],
18 silly audit   '@types/babel__core': [ '7.20.5' ],
18 silly audit   '@types/babel__generator': [ '7.27.0' ],
18 silly audit   '@types/babel__template': [ '7.4.4' ],
18 silly audit   '@types/babel__traverse': [ '7.20.7' ],
18 silly audit   '@types/estree': [ '1.0.8' ],
18 silly audit   '@types/json-schema': [ '7.0.15' ],
18 silly audit   '@types/node': [ '24.0.10' ],
18 silly audit   '@types/phoenix': [ '1.6.6' ],
18 silly audit   '@types/react': [ '19.1.8' ],
18 silly audit   '@types/react-dom': [ '19.1.6' ],
18 silly audit   '@types/ws': [ '8.18.1' ],
18 silly audit   '@typescript-eslint/eslint-plugin': [ '8.35.1' ],
18 silly audit   ignore: [ '7.0.5', '5.3.2' ],
18 silly audit   '@typescript-eslint/parser': [ '8.35.1' ],
18 silly audit   '@typescript-eslint/project-service': [ '8.35.1' ],
18 silly audit   '@typescript-eslint/scope-manager': [ '8.35.1' ],
18 silly audit   '@typescript-eslint/tsconfig-utils': [ '8.35.1' ],
18 silly audit   '@typescript-eslint/type-utils': [ '8.35.1' ],
18 silly audit   '@typescript-eslint/types': [ '8.35.1' ],
18 silly audit   '@typescript-eslint/typescript-estree': [ '8.35.1' ],
18 silly audit   'brace-expansion': [ '2.0.2', '1.1.12' ],
18 silly audit   minimatch: [ '9.0.5', '3.1.2' ],
18 silly audit   semver: [ '7.7.2', '6.3.1' ],
18 silly audit   '@typescript-eslint/utils': [ '8.35.1' ],
18 silly audit   '@typescript-eslint/visitor-keys': [ '8.35.1' ],
18 silly audit   '@vitejs/plugin-react': [ '4.6.0' ],
18 silly audit   acorn: [ '8.15.0' ],
18 silly audit   'acorn-jsx': [ '5.3.2' ],
18 silly audit   ajv: [ '6.12.6' ],
18 silly audit   'ansi-styles': [ '4.3.0' ],
18 silly audit   argparse: [ '2.0.1' ],
18 silly audit   autoprefixer: [ '10.4.21' ],
18 silly audit   'balanced-match': [ '1.0.2' ],
18 silly audit   braces: [ '3.0.3' ],
18 silly audit   browserslist: [ '4.25.1' ],
18 silly audit   callsites: [ '3.1.0' ],
18 silly audit   'caniuse-lite': [ '1.0.30001726' ],
18 silly audit   chalk: [ '4.1.2' ],
18 silly audit   chownr: [ '3.0.0' ],
18 silly audit   'color-convert': [ '2.0.1' ],
18 silly audit   'color-name': [ '1.1.4' ],
18 silly audit   'concat-map': [ '0.0.1' ],
18 silly audit   'convert-source-map': [ '2.0.0' ],
18 silly audit   cookie: [ '1.0.2' ],
18 silly audit   'cross-spawn': [ '7.0.6' ],
18 silly audit   csstype: [ '3.1.3' ],
18 silly audit   debug: [ '4.4.1' ],
18 silly audit   'deep-is': [ '0.1.4' ],
18 silly audit   'detect-libc': [ '2.0.4' ],
18 silly audit   'electron-to-chromium': [ '1.5.179' ],
18 silly audit   'enhanced-resolve': [ '5.18.2' ],
18 silly audit   esbuild: [ '0.25.5' ],
18 silly audit   escalade: [ '3.2.0' ],
18 silly audit   'escape-string-regexp': [ '4.0.0' ],
18 silly audit   eslint: [ '9.30.1' ],
18 silly audit   'eslint-plugin-react-hooks': [ '5.2.0' ],
18 silly audit   'eslint-plugin-react-refresh': [ '0.4.20' ],
18 silly audit   'eslint-scope': [ '8.4.0' ],
18 silly audit   espree: [ '10.4.0' ],
18 silly audit   esquery: [ '1.6.0' ],
18 silly audit   esrecurse: [ '4.3.0' ],
18 silly audit   estraverse: [ '5.3.0' ],
18 silly audit   esutils: [ '2.0.3' ],
18 silly audit   'fast-deep-equal': [ '3.1.3' ],
18 silly audit   'fast-glob': [ '3.3.3' ],
18 silly audit   'glob-parent': [ '5.1.2', '6.0.2' ],
18 silly audit   'fast-json-stable-stringify': [ '2.1.0' ],
18 silly audit   'fast-levenshtein': [ '2.0.6' ],
18 silly audit   fastq: [ '1.19.1' ],
18 silly audit   'file-entry-cache': [ '8.0.0' ],
18 silly audit   'fill-range': [ '7.1.1' ],
18 silly audit   'find-up': [ '5.0.0' ],
18 silly audit   'flat-cache': [ '4.0.1' ],
18 silly audit   flatted: [ '3.3.3' ],
18 silly audit   'fraction.js': [ '4.3.7' ],
18 silly audit   fsevents: [ '2.3.3' ],
18 silly audit   gensync: [ '1.0.0-beta.2' ],
18 silly audit   'graceful-fs': [ '4.2.11' ],
18 silly audit   graphemer: [ '1.4.0' ],
18 silly audit   'has-flag': [ '4.0.0' ],
18 silly audit   'import-fresh': [ '3.3.1' ],
18 silly audit   imurmurhash: [ '0.1.4' ],
18 silly audit   'is-extglob': [ '2.1.1' ],
18 silly audit   'is-glob': [ '4.0.3' ],
18 silly audit   'is-number': [ '7.0.0' ],
18 silly audit   isexe: [ '2.0.0' ],
18 silly audit   isows: [ '1.0.7' ],
18 silly audit   jiti: [ '2.4.2' ],
18 silly audit   'js-tokens': [ '4.0.0' ],
18 silly audit   'js-yaml': [ '4.1.0' ],
18 silly audit   jsesc: [ '3.1.0' ],
18 silly audit   'json-buffer': [ '3.0.1' ],
18 silly audit   'json-schema-traverse': [ '0.4.1' ],
18 silly audit   'json-stable-stringify-without-jsonify': [ '1.0.1' ],
18 silly audit   json5: [ '2.2.3' ],
18 silly audit   keyv: [ '4.5.4' ],
18 silly audit   levn: [ '0.4.1' ],
18 silly audit   lightningcss: [ '1.30.1' ],
18 silly audit   'lightningcss-darwin-arm64': [ '1.30.1' ],
18 silly audit   'lightningcss-darwin-x64': [ '1.30.1' ],
18 silly audit   'lightningcss-freebsd-x64': [ '1.30.1' ],
18 silly audit   'lightningcss-linux-arm-gnueabihf': [ '1.30.1' ],
18 silly audit   'lightningcss-linux-arm64-gnu': [ '1.30.1' ],
18 silly audit   'lightningcss-linux-arm64-musl': [ '1.30.1' ],
18 silly audit   'lightningcss-linux-x64-gnu': [ '1.30.1' ],
18 silly audit   'lightningcss-linux-x64-musl': [ '1.30.1' ],
18 silly audit   'lightningcss-win32-arm64-msvc': [ '1.30.1' ],
18 silly audit   'lightningcss-win32-x64-msvc': [ '1.30.1' ],
18 silly audit   'locate-path': [ '6.0.0' ],
18 silly audit   'lodash.merge': [ '4.6.2' ],
18 silly audit   'lru-cache': [ '5.1.1' ],
18 silly audit   'magic-string': [ '0.30.17' ],
18 silly audit   merge2: [ '1.4.1' ],
18 silly audit   micromatch: [ '4.0.8' ],
18 silly audit   minipass: [ '7.1.2' ],
18 silly audit   minizlib: [ '3.0.2' ],
18 silly audit   mkdirp: [ '3.0.1' ],
18 silly audit   ms: [ '2.1.3' ],
18 silly audit   nanoid: [ '3.3.11' ],
18 silly audit   'natural-compare': [ '1.4.0' ],
18 silly audit   'node-releases': [ '2.0.19' ],
18 silly audit   'normalize-range': [ '0.1.2' ],
18 silly audit   optionator: [ '0.9.4' ],
18 silly audit   'p-limit': [ '3.1.0' ],
18 silly audit   'p-locate': [ '5.0.0' ],
18 silly audit   'parent-module': [ '1.0.1' ],
18 silly audit   'path-exists': [ '4.0.0' ],
18 silly audit   'path-key': [ '3.1.1' ],
18 silly audit   picocolors: [ '1.1.1' ],
18 silly audit   picomatch: [ '2.3.1', '4.0.2' ],
18 silly audit   postcss: [ '8.5.6' ],
18 silly audit   'postcss-value-parser': [ '4.2.0' ],
18 silly audit   'prelude-ls': [ '1.2.1' ],
18 silly audit   punycode: [ '2.3.1' ],
18 silly audit   'queue-microtask': [ '1.2.3' ],
18 silly audit   react: [ '19.1.0' ],
18 silly audit   'react-dom': [ '19.1.0' ],
18 silly audit   'react-refresh': [ '0.17.0' ],
18 silly audit   'react-router': [ '7.6.3' ],
18 silly audit   'react-router-dom': [ '7.6.3' ],
18 silly audit   'resolve-from': [ '4.0.0' ],
18 silly audit   reusify: [ '1.1.0' ],
18 silly audit   rollup: [ '4.44.2' ],
18 silly audit   'run-parallel': [ '1.2.0' ],
18 silly audit   scheduler: [ '0.26.0' ],
18 silly audit   'set-cookie-parser': [ '2.7.1' ],
18 silly audit   'shebang-command': [ '2.0.0' ],
18 silly audit   'shebang-regex': [ '3.0.0' ],
18 silly audit   'source-map-js': [ '1.2.1' ],
18 silly audit   'strip-json-comments': [ '3.1.1' ],
18 silly audit   'supports-color': [ '7.2.0' ],
18 silly audit   tailwindcss: [ '4.1.11' ],
18 silly audit   tapable: [ '2.2.2' ],
18 silly audit   tar: [ '7.4.3' ],
18 silly audit   yallist: [ '5.0.0', '3.1.1' ],
18 silly audit   tinyglobby: [ '0.2.14' ],
18 silly audit   fdir: [ '6.4.6' ],
18 silly audit   'to-regex-range': [ '5.0.1' ],
18 silly audit   tr46: [ '0.0.3' ],
18 silly audit   'ts-api-utils': [ '2.1.0' ],
18 silly audit   'type-check': [ '0.4.0' ],
18 silly audit   typescript: [ '5.8.3' ],
18 silly audit   'typescript-eslint': [ '8.35.1' ],
18 silly audit   'undici-types': [ '7.8.0' ],
18 silly audit   'update-browserslist-db': [ '1.1.3' ],
18 silly audit   'uri-js': [ '4.4.1' ],
18 silly audit   vite: [ '7.0.2' ],
18 silly audit   'webidl-conversions': [ '3.0.1' ],
18 silly audit   'whatwg-url': [ '5.0.0' ],
18 silly audit   which: [ '2.0.2' ],
18 silly audit   'word-wrap': [ '1.2.5' ],
18 silly audit   ws: [ '8.18.3' ],
18 silly audit   'yocto-queue': [ '0.1.0' ],
18 silly audit   '@tailwindcss/oxide-wasm32-wasi': [ '4.1.11' ]
18 silly audit }
19 verbose reify failed optional dependency /home/agoraelectoral/agoraelectoralaico/apk/frontend/client/node_modules/lightningcss-win32-x64-msvc
20 silly reify mark deleted [
20 silly reify   '/home/agoraelectoral/agoraelectoralaico/apk/frontend/client/node_modules/lightningcss-win32-x64-msvc'
20 silly reify ]
21 verbose reify failed optional dependency /home/agoraelectoral/agoraelectoralaico/apk/frontend/client/node_modules/lightningcss-win32-arm64-msvc
22 silly reify mark deleted [
22 silly reify   '/home/agoraelectoral/agoraelectoralaico/apk/frontend/client/node_modules/lightningcss-win32-arm64-msvc'
22 silly reify ]
23 verbose reify failed optional dependency /home/agoraelectoral/agoraelectoralaico/apk/frontend/client/node_modules/lightningcss-linux-arm64-musl
24 silly reify mark deleted [
24 silly reify   '/home/agoraelectoral/agoraelectoralaico/apk/frontend/client/node_modules/lightningcss-linux-arm64-musl'
24 silly reify ]
25 verbose reify failed optional dependency /home/agoraelectoral/agoraelectoralaico/apk/frontend/client/node_modules/lightningcss-linux-arm64-gnu
26 silly reify mark deleted [
26 silly reify   '/home/agoraelectoral/agoraelectoralaico/apk/frontend/client/node_modules/lightningcss-linux-arm64-gnu'
26 silly reify ]
27 verbose reify failed optional dependency /home/agoraelectoral/agoraelectoralaico/apk/frontend/client/node_modules/lightningcss-linux-arm-gnueabihf
28 silly reify mark deleted [
28 silly reify   '/home/agoraelectoral/agoraelectoralaico/apk/frontend/client/node_modules/lightningcss-linux-arm-gnueabihf'
28 silly reify ]
29 verbose reify failed optional dependency /home/agoraelectoral/agoraelectoralaico/apk/frontend/client/node_modules/lightningcss-freebsd-x64
30 silly reify mark deleted [
30 silly reify   '/home/agoraelectoral/agoraelectoralaico/apk/frontend/client/node_modules/lightningcss-freebsd-x64'
30 silly reify ]
31 verbose reify failed optional dependency /home/agoraelectoral/agoraelectoralaico/apk/frontend/client/node_modules/lightningcss-darwin-x64
32 silly reify mark deleted [
32 silly reify   '/home/agoraelectoral/agoraelectoralaico/apk/frontend/client/node_modules/lightningcss-darwin-x64'
32 silly reify ]
33 verbose reify failed optional dependency /home/agoraelectoral/agoraelectoralaico/apk/frontend/client/node_modules/lightningcss-darwin-arm64
34 silly reify mark deleted [
34 silly reify   '/home/agoraelectoral/agoraelectoralaico/apk/frontend/client/node_modules/lightningcss-darwin-arm64'
34 silly reify ]
35 verbose reify failed optional dependency /home/agoraelectoral/agoraelectoralaico/apk/frontend/client/node_modules/fsevents
36 silly reify mark deleted [
36 silly reify   '/home/agoraelectoral/agoraelectoralaico/apk/frontend/client/node_modules/fsevents'
36 silly reify ]
37 verbose reify failed optional dependency /home/agoraelectoral/agoraelectoralaico/apk/frontend/client/node_modules/@tailwindcss/oxide-win32-x64-msvc
38 silly reify mark deleted [
38 silly reify   '/home/agoraelectoral/agoraelectoralaico/apk/frontend/client/node_modules/@tailwindcss/oxide-win32-x64-msvc'
38 silly reify ]
39 verbose reify failed optional dependency /home/agoraelectoral/agoraelectoralaico/apk/frontend/client/node_modules/@tailwindcss/oxide-win32-arm64-msvc
40 silly reify mark deleted [
40 silly reify   '/home/agoraelectoral/agoraelectoralaico/apk/frontend/client/node_modules/@tailwindcss/oxide-win32-arm64-msvc'
40 silly reify ]
41 verbose reify failed optional dependency /home/agoraelectoral/agoraelectoralaico/apk/frontend/client/node_modules/@tailwindcss/oxide-linux-arm64-musl
42 silly reify mark deleted [
42 silly reify   '/home/agoraelectoral/agoraelectoralaico/apk/frontend/client/node_modules/@tailwindcss/oxide-linux-arm64-musl'
42 silly reify ]
43 verbose reify failed optional dependency /home/agoraelectoral/agoraelectoralaico/apk/frontend/client/node_modules/@tailwindcss/oxide-linux-arm64-gnu
44 silly reify mark deleted [
44 silly reify   '/home/agoraelectoral/agoraelectoralaico/apk/frontend/client/node_modules/@tailwindcss/oxide-linux-arm64-gnu'
44 silly reify ]
45 verbose reify failed optional dependency /home/agoraelectoral/agoraelectoralaico/apk/frontend/client/node_modules/@tailwindcss/oxide-linux-arm-gnueabihf
46 silly reify mark deleted [
46 silly reify   '/home/agoraelectoral/agoraelectoralaico/apk/frontend/client/node_modules/@tailwindcss/oxide-linux-arm-gnueabihf'
46 silly reify ]
47 verbose reify failed optional dependency /home/agoraelectoral/agoraelectoralaico/apk/frontend/client/node_modules/@tailwindcss/oxide-freebsd-x64
48 silly reify mark deleted [
48 silly reify   '/home/agoraelectoral/agoraelectoralaico/apk/frontend/client/node_modules/@tailwindcss/oxide-freebsd-x64'
48 silly reify ]
49 verbose reify failed optional dependency /home/agoraelectoral/agoraelectoralaico/apk/frontend/client/node_modules/@tailwindcss/oxide-darwin-x64
50 silly reify mark deleted [
50 silly reify   '/home/agoraelectoral/agoraelectoralaico/apk/frontend/client/node_modules/@tailwindcss/oxide-darwin-x64'
50 silly reify ]
51 verbose reify failed optional dependency /home/agoraelectoral/agoraelectoralaico/apk/frontend/client/node_modules/@tailwindcss/oxide-darwin-arm64
52 silly reify mark deleted [
52 silly reify   '/home/agoraelectoral/agoraelectoralaico/apk/frontend/client/node_modules/@tailwindcss/oxide-darwin-arm64'
52 silly reify ]
53 verbose reify failed optional dependency /home/agoraelectoral/agoraelectoralaico/apk/frontend/client/node_modules/@tailwindcss/oxide-android-arm64
54 silly reify mark deleted [
54 silly reify   '/home/agoraelectoral/agoraelectoralaico/apk/frontend/client/node_modules/@tailwindcss/oxide-android-arm64'
54 silly reify ]
55 verbose reify failed optional dependency /home/agoraelectoral/agoraelectoralaico/apk/frontend/client/node_modules/@rollup/rollup-win32-x64-msvc
56 silly reify mark deleted [
56 silly reify   '/home/agoraelectoral/agoraelectoralaico/apk/frontend/client/node_modules/@rollup/rollup-win32-x64-msvc'
56 silly reify ]
57 verbose reify failed optional dependency /home/agoraelectoral/agoraelectoralaico/apk/frontend/client/node_modules/@rollup/rollup-win32-ia32-msvc
58 silly reify mark deleted [
58 silly reify   '/home/agoraelectoral/agoraelectoralaico/apk/frontend/client/node_modules/@rollup/rollup-win32-ia32-msvc'
58 silly reify ]
59 verbose reify failed optional dependency /home/agoraelectoral/agoraelectoralaico/apk/frontend/client/node_modules/@rollup/rollup-win32-arm64-msvc
60 silly reify mark deleted [
60 silly reify   '/home/agoraelectoral/agoraelectoralaico/apk/frontend/client/node_modules/@rollup/rollup-win32-arm64-msvc'
60 silly reify ]
61 verbose reify failed optional dependency /home/agoraelectoral/agoraelectoralaico/apk/frontend/client/node_modules/@rollup/rollup-linux-s390x-gnu
62 silly reify mark deleted [
62 silly reify   '/home/agoraelectoral/agoraelectoralaico/apk/frontend/client/node_modules/@rollup/rollup-linux-s390x-gnu'
62 silly reify ]
63 verbose reify failed optional dependency /home/agoraelectoral/agoraelectoralaico/apk/frontend/client/node_modules/@rollup/rollup-linux-riscv64-musl
64 silly reify mark deleted [
64 silly reify   '/home/agoraelectoral/agoraelectoralaico/apk/frontend/client/node_modules/@rollup/rollup-linux-riscv64-musl'
64 silly reify ]
65 verbose reify failed optional dependency /home/agoraelectoral/agoraelectoralaico/apk/frontend/client/node_modules/@rollup/rollup-linux-riscv64-gnu
66 silly reify mark deleted [
66 silly reify   '/home/agoraelectoral/agoraelectoralaico/apk/frontend/client/node_modules/@rollup/rollup-linux-riscv64-gnu'
66 silly reify ]
67 verbose reify failed optional dependency /home/agoraelectoral/agoraelectoralaico/apk/frontend/client/node_modules/@rollup/rollup-linux-powerpc64le-gnu
68 silly reify mark deleted [
68 silly reify   '/home/agoraelectoral/agoraelectoralaico/apk/frontend/client/node_modules/@rollup/rollup-linux-powerpc64le-gnu'
68 silly reify ]
69 verbose reify failed optional dependency /home/agoraelectoral/agoraelectoralaico/apk/frontend/client/node_modules/@rollup/rollup-linux-loongarch64-gnu
70 silly reify mark deleted [
70 silly reify   '/home/agoraelectoral/agoraelectoralaico/apk/frontend/client/node_modules/@rollup/rollup-linux-loongarch64-gnu'
70 silly reify ]
71 verbose reify failed optional dependency /home/agoraelectoral/agoraelectoralaico/apk/frontend/client/node_modules/@rollup/rollup-linux-arm64-musl
72 silly reify mark deleted [
72 silly reify   '/home/agoraelectoral/agoraelectoralaico/apk/frontend/client/node_modules/@rollup/rollup-linux-arm64-musl'
72 silly reify ]
73 verbose reify failed optional dependency /home/agoraelectoral/agoraelectoralaico/apk/frontend/client/node_modules/@rollup/rollup-linux-arm64-gnu
74 silly reify mark deleted [
74 silly reify   '/home/agoraelectoral/agoraelectoralaico/apk/frontend/client/node_modules/@rollup/rollup-linux-arm64-gnu'
74 silly reify ]
75 verbose reify failed optional dependency /home/agoraelectoral/agoraelectoralaico/apk/frontend/client/node_modules/@rollup/rollup-linux-arm-musleabihf
76 silly reify mark deleted [
76 silly reify   '/home/agoraelectoral/agoraelectoralaico/apk/frontend/client/node_modules/@rollup/rollup-linux-arm-musleabihf'
76 silly reify ]
77 verbose reify failed optional dependency /home/agoraelectoral/agoraelectoralaico/apk/frontend/client/node_modules/@rollup/rollup-linux-arm-gnueabihf
78 silly reify mark deleted [
78 silly reify   '/home/agoraelectoral/agoraelectoralaico/apk/frontend/client/node_modules/@rollup/rollup-linux-arm-gnueabihf'
78 silly reify ]
79 verbose reify failed optional dependency /home/agoraelectoral/agoraelectoralaico/apk/frontend/client/node_modules/@rollup/rollup-freebsd-x64
80 silly reify mark deleted [
80 silly reify   '/home/agoraelectoral/agoraelectoralaico/apk/frontend/client/node_modules/@rollup/rollup-freebsd-x64'
80 silly reify ]
81 verbose reify failed optional dependency /home/agoraelectoral/agoraelectoralaico/apk/frontend/client/node_modules/@rollup/rollup-freebsd-arm64
82 silly reify mark deleted [
82 silly reify   '/home/agoraelectoral/agoraelectoralaico/apk/frontend/client/node_modules/@rollup/rollup-freebsd-arm64'
82 silly reify ]
83 verbose reify failed optional dependency /home/agoraelectoral/agoraelectoralaico/apk/frontend/client/node_modules/@rollup/rollup-darwin-x64
84 silly reify mark deleted [
84 silly reify   '/home/agoraelectoral/agoraelectoralaico/apk/frontend/client/node_modules/@rollup/rollup-darwin-x64'
84 silly reify ]
85 verbose reify failed optional dependency /home/agoraelectoral/agoraelectoralaico/apk/frontend/client/node_modules/@rollup/rollup-darwin-arm64
86 silly reify mark deleted [
86 silly reify   '/home/agoraelectoral/agoraelectoralaico/apk/frontend/client/node_modules/@rollup/rollup-darwin-arm64'
86 silly reify ]
87 verbose reify failed optional dependency /home/agoraelectoral/agoraelectoralaico/apk/frontend/client/node_modules/@rollup/rollup-android-arm64
88 silly reify mark deleted [
88 silly reify   '/home/agoraelectoral/agoraelectoralaico/apk/frontend/client/node_modules/@rollup/rollup-android-arm64'
88 silly reify ]
89 verbose reify failed optional dependency /home/agoraelectoral/agoraelectoralaico/apk/frontend/client/node_modules/@rollup/rollup-android-arm-eabi
90 silly reify mark deleted [
90 silly reify   '/home/agoraelectoral/agoraelectoralaico/apk/frontend/client/node_modules/@rollup/rollup-android-arm-eabi'
90 silly reify ]
91 verbose reify failed optional dependency /home/agoraelectoral/agoraelectoralaico/apk/frontend/client/node_modules/@esbuild/win32-x64
92 silly reify mark deleted [
92 silly reify   '/home/agoraelectoral/agoraelectoralaico/apk/frontend/client/node_modules/@esbuild/win32-x64'
92 silly reify ]
93 verbose reify failed optional dependency /home/agoraelectoral/agoraelectoralaico/apk/frontend/client/node_modules/@esbuild/win32-ia32
94 silly reify mark deleted [
94 silly reify   '/home/agoraelectoral/agoraelectoralaico/apk/frontend/client/node_modules/@esbuild/win32-ia32'
94 silly reify ]
95 verbose reify failed optional dependency /home/agoraelectoral/agoraelectoralaico/apk/frontend/client/node_modules/@esbuild/win32-arm64
96 silly reify mark deleted [
96 silly reify   '/home/agoraelectoral/agoraelectoralaico/apk/frontend/client/node_modules/@esbuild/win32-arm64'
96 silly reify ]
97 verbose reify failed optional dependency /home/agoraelectoral/agoraelectoralaico/apk/frontend/client/node_modules/@esbuild/sunos-x64
98 silly reify mark deleted [
98 silly reify   '/home/agoraelectoral/agoraelectoralaico/apk/frontend/client/node_modules/@esbuild/sunos-x64'
98 silly reify ]
99 verbose reify failed optional dependency /home/agoraelectoral/agoraelectoralaico/apk/frontend/client/node_modules/@esbuild/openbsd-x64
100 silly reify mark deleted [
100 silly reify   '/home/agoraelectoral/agoraelectoralaico/apk/frontend/client/node_modules/@esbuild/openbsd-x64'
100 silly reify ]
101 verbose reify failed optional dependency /home/agoraelectoral/agoraelectoralaico/apk/frontend/client/node_modules/@esbuild/openbsd-arm64
102 silly reify mark deleted [
102 silly reify   '/home/agoraelectoral/agoraelectoralaico/apk/frontend/client/node_modules/@esbuild/openbsd-arm64'
102 silly reify ]
103 verbose reify failed optional dependency /home/agoraelectoral/agoraelectoralaico/apk/frontend/client/node_modules/@esbuild/netbsd-x64
104 silly reify mark deleted [
104 silly reify   '/home/agoraelectoral/agoraelectoralaico/apk/frontend/client/node_modules/@esbuild/netbsd-x64'
104 silly reify ]
105 verbose reify failed optional dependency /home/agoraelectoral/agoraelectoralaico/apk/frontend/client/node_modules/@esbuild/netbsd-arm64
106 silly reify mark deleted [
106 silly reify   '/home/agoraelectoral/agoraelectoralaico/apk/frontend/client/node_modules/@esbuild/netbsd-arm64'
106 silly reify ]
107 verbose reify failed optional dependency /home/agoraelectoral/agoraelectoralaico/apk/frontend/client/node_modules/@esbuild/linux-s390x
108 silly reify mark deleted [
108 silly reify   '/home/agoraelectoral/agoraelectoralaico/apk/frontend/client/node_modules/@esbuild/linux-s390x'
108 silly reify ]
109 verbose reify failed optional dependency /home/agoraelectoral/agoraelectoralaico/apk/frontend/client/node_modules/@esbuild/linux-riscv64
110 silly reify mark deleted [
110 silly reify   '/home/agoraelectoral/agoraelectoralaico/apk/frontend/client/node_modules/@esbuild/linux-riscv64'
110 silly reify ]
111 verbose reify failed optional dependency /home/agoraelectoral/agoraelectoralaico/apk/frontend/client/node_modules/@esbuild/linux-ppc64
112 silly reify mark deleted [
112 silly reify   '/home/agoraelectoral/agoraelectoralaico/apk/frontend/client/node_modules/@esbuild/linux-ppc64'
112 silly reify ]
113 verbose reify failed optional dependency /home/agoraelectoral/agoraelectoralaico/apk/frontend/client/node_modules/@esbuild/linux-mips64el
114 silly reify mark deleted [
114 silly reify   '/home/agoraelectoral/agoraelectoralaico/apk/frontend/client/node_modules/@esbuild/linux-mips64el'
114 silly reify ]
115 verbose reify failed optional dependency /home/agoraelectoral/agoraelectoralaico/apk/frontend/client/node_modules/@esbuild/linux-loong64
116 silly reify mark deleted [
116 silly reify   '/home/agoraelectoral/agoraelectoralaico/apk/frontend/client/node_modules/@esbuild/linux-loong64'
116 silly reify ]
117 verbose reify failed optional dependency /home/agoraelectoral/agoraelectoralaico/apk/frontend/client/node_modules/@esbuild/linux-ia32
118 silly reify mark deleted [
118 silly reify   '/home/agoraelectoral/agoraelectoralaico/apk/frontend/client/node_modules/@esbuild/linux-ia32'
118 silly reify ]
119 verbose reify failed optional dependency /home/agoraelectoral/agoraelectoralaico/apk/frontend/client/node_modules/@esbuild/linux-arm64
120 silly reify mark deleted [
120 silly reify   '/home/agoraelectoral/agoraelectoralaico/apk/frontend/client/node_modules/@esbuild/linux-arm64'
120 silly reify ]
121 verbose reify failed optional dependency /home/agoraelectoral/agoraelectoralaico/apk/frontend/client/node_modules/@esbuild/linux-arm
122 silly reify mark deleted [
122 silly reify   '/home/agoraelectoral/agoraelectoralaico/apk/frontend/client/node_modules/@esbuild/linux-arm'
122 silly reify ]
123 verbose reify failed optional dependency /home/agoraelectoral/agoraelectoralaico/apk/frontend/client/node_modules/@esbuild/freebsd-x64
124 silly reify mark deleted [
124 silly reify   '/home/agoraelectoral/agoraelectoralaico/apk/frontend/client/node_modules/@esbuild/freebsd-x64'
124 silly reify ]
125 verbose reify failed optional dependency /home/agoraelectoral/agoraelectoralaico/apk/frontend/client/node_modules/@esbuild/freebsd-arm64
126 silly reify mark deleted [
126 silly reify   '/home/agoraelectoral/agoraelectoralaico/apk/frontend/client/node_modules/@esbuild/freebsd-arm64'
126 silly reify ]
127 verbose reify failed optional dependency /home/agoraelectoral/agoraelectoralaico/apk/frontend/client/node_modules/@esbuild/darwin-x64
128 silly reify mark deleted [
128 silly reify   '/home/agoraelectoral/agoraelectoralaico/apk/frontend/client/node_modules/@esbuild/darwin-x64'
128 silly reify ]
129 verbose reify failed optional dependency /home/agoraelectoral/agoraelectoralaico/apk/frontend/client/node_modules/@esbuild/darwin-arm64
130 silly reify mark deleted [
130 silly reify   '/home/agoraelectoral/agoraelectoralaico/apk/frontend/client/node_modules/@esbuild/darwin-arm64'
130 silly reify ]
131 verbose reify failed optional dependency /home/agoraelectoral/agoraelectoralaico/apk/frontend/client/node_modules/@esbuild/android-x64
132 silly reify mark deleted [
132 silly reify   '/home/agoraelectoral/agoraelectoralaico/apk/frontend/client/node_modules/@esbuild/android-x64'
132 silly reify ]
133 verbose reify failed optional dependency /home/agoraelectoral/agoraelectoralaico/apk/frontend/client/node_modules/@esbuild/android-arm64
134 silly reify mark deleted [
134 silly reify   '/home/agoraelectoral/agoraelectoralaico/apk/frontend/client/node_modules/@esbuild/android-arm64'
134 silly reify ]
135 verbose reify failed optional dependency /home/agoraelectoral/agoraelectoralaico/apk/frontend/client/node_modules/@esbuild/android-arm
136 silly reify mark deleted [
136 silly reify   '/home/agoraelectoral/agoraelectoralaico/apk/frontend/client/node_modules/@esbuild/android-arm'
136 silly reify ]
137 verbose reify failed optional dependency /home/agoraelectoral/agoraelectoralaico/apk/frontend/client/node_modules/@esbuild/aix-ppc64
138 silly reify mark deleted [
138 silly reify   '/home/agoraelectoral/agoraelectoralaico/apk/frontend/client/node_modules/@esbuild/aix-ppc64'
138 silly reify ]
139 http fetch POST 200 https://registry.npmjs.org/-/npm/v1/security/advisories/bulk 3952ms
140 silly audit report {}
141 silly ADD
142 silly ADD
143 silly ADD
144 silly ADD
145 silly ADD
146 silly ADD
147 silly ADD
148 silly ADD
149 silly ADD
150 silly ADD
151 silly ADD
152 silly ADD
153 silly ADD
154 silly ADD
155 silly ADD
156 silly ADD
157 silly ADD
158 silly ADD
159 silly ADD
160 silly ADD
161 silly ADD
162 silly ADD
163 silly ADD
164 silly ADD
165 silly ADD
166 silly ADD
167 silly ADD
168 silly ADD
169 silly ADD
170 silly ADD
171 silly ADD
172 silly ADD
173 silly ADD
174 silly ADD
175 silly ADD
176 silly ADD
177 silly ADD
178 silly ADD
179 silly ADD
180 silly ADD
181 silly ADD
182 silly ADD
183 silly ADD
184 silly ADD
185 silly ADD
186 silly ADD
187 silly ADD
188 silly ADD
189 silly ADD
190 silly ADD
191 silly ADD
192 silly ADD
193 silly ADD
194 silly ADD
195 silly ADD
196 silly ADD
197 silly ADD
198 silly ADD
199 silly ADD
200 silly ADD
201 silly ADD
202 verbose cwd /home/agoraelectoral/agoraelectoralaico/apk/frontend/client
203 verbose os Linux 6.6.87.2-microsoft-standard-WSL2
204 verbose node v20.19.3
205 verbose npm  v10.8.2
206 verbose exit 0
207 info ok
